#
# There is insufficient memory for the Java Runtime Environment to continue.
# Native memory allocation (mmap) failed to map 15953920 bytes for committing reserved memory.
# Possible reasons:
#   The system is out of physical RAM or swap space
#   The process is running with CompressedOops enabled, and the Java Heap may be blocking the growth of the native heap
# Possible solutions:
#   Reduce memory load on the system
#   Increase physical memory or swap space
#   Check if swap backing store is full
#   Decrease Java heap size (-Xmx/-Xms)
#   Decrease number of Java threads
#   Decrease Java thread stack sizes (-Xss)
#   Set larger code cache with -XX:ReservedCodeCacheSize=
#   JVM is running with Unscaled Compressed Oops mode in which the Java heap is
#     placed in the first 4GB address space. The Java Heap base address is the
#     maximum limit for the native heap growth. Please use -XX:HeapBaseMinAddress
#     to set the Java Heap base and to place the Java Heap above 4GB virtual address.
# This output file may be truncated or incomplete.
#
#  Out of Memory Error (os_linux.cpp:2757), pid=2076, tid=0x00007ff059321700
#
# JRE version: OpenJDK Runtime Environment (8.0_222-b10) (build 1.8.0_222-8u222-b10-1ubuntu1~16.04.1-b10)
# Java VM: OpenJDK 64-Bit Server VM (25.222-b10 mixed mode linux-amd64 compressed oops)
# Failed to write core dump. Core dumps have been disabled. To enable core dumping, try "ulimit -c unlimited" before starting Java again
#

---------------  T H R E A D  ---------------

Current thread (0x00007ff054075800):  VMThread [stack: 0x00007ff059221000,0x00007ff059322000] [id=2090]

Stack: [0x00007ff059221000,0x00007ff059322000],  sp=0x00007ff059320540,  free space=1021k
Native frames: (J=compiled Java code, j=interpreted, Vv=VM code, C=native code)
V  [libjvm.so+0xa7787b]
V  [libjvm.so+0x4caa8c]
V  [libjvm.so+0x8c5da8]
V  [libjvm.so+0x8bd3ee]
V  [libjvm.so+0xa73fd4]
V  [libjvm.so+0x5cf9dd]
V  [libjvm.so+0x5d057d]
V  [libjvm.so+0x5bcf68]
V  [libjvm.so+0x45135f]
V  [libjvm.so+0xa78991]
V  [libjvm.so+0xa7e587]
V  [libjvm.so+0xa7bde7]
V  [libjvm.so+0xa7d0cf]
V  [libjvm.so+0xa7d5f2]
V  [libjvm.so+0x8c3102]

VM_Operation (0x00007ff0445871d0): GenCollectForAllocation, mode: safepoint, requested by thread 0x00007ff02844a800


---------------  P R O C E S S  ---------------

Java Threads: ( => current thread )
  0x00007ff03803e800 JavaThread "task-result-getter-3" daemon [_thread_blocked, id=2154, stack(0x00007ff01f91c000,0x00007ff01fa1d000)]
  0x00007ff0400ee800 JavaThread "task-result-getter-2" daemon [_thread_blocked, id=2153, stack(0x00007ff02061d000,0x00007ff02071e000)]
  0x00007ff0400dd000 JavaThread "task-result-getter-1" daemon [_thread_blocked, id=2148, stack(0x00007ff020b22000,0x00007ff020c23000)]
  0x00007ff038030000 JavaThread "task-result-getter-0" daemon [_thread_blocked, id=2147, stack(0x00007ff020e23000,0x00007ff020f24000)]
  0x00007ff02896d000 JavaThread "Thread-27" [_thread_in_native, id=2145, stack(0x00007ff021aaa000,0x00007ff021bab000)]
  0x00007ff035f8b000 JavaThread "org.apache.hadoop.fs.FileSystem$Statistics$StatisticsDataReferenceCleaner" daemon [_thread_blocked, id=2144, stack(0x00007ff021bab000,0x00007ff021cac000)]
  0x00007ff034e4d000 JavaThread "SparkListenerBus" daemon [_thread_blocked, id=2142, stack(0x00007ff021eac000,0x00007ff021fad000)]
  0x00007ff034e4c000 JavaThread "context-cleaner-periodic-gc" daemon [_thread_blocked, id=2141, stack(0x00007ff021fad000,0x00007ff0220ae000)]
  0x00007ff034d22000 JavaThread "Spark Context Cleaner" daemon [_thread_blocked, id=2140, stack(0x00007ff0220ae000,0x00007ff0221af000)]
  0x00007ff034a15800 JavaThread "shuffle-server-5-1" daemon [_thread_blocked, id=2139, stack(0x00007ff0223af000,0x00007ff0224b0000)]
  0x00007ff034915000 JavaThread "driver-heartbeater" daemon [_thread_blocked, id=2138, stack(0x00007ff0224b0000,0x00007ff0225b1000)]
  0x00007ff034a28000 JavaThread "dag-scheduler-event-loop" daemon [_thread_blocked, id=2137, stack(0x00007ff0225b1000,0x00007ff0226b2000)]
  0x00000000008d9800 JavaThread "netty-rpc-env-timeout" daemon [_thread_blocked, id=2136, stack(0x00007ff0226b2000,0x00007ff0227b3000)]
  0x00007ff03491d800 JavaThread "Timer-0" daemon [_thread_blocked, id=2135, stack(0x00007ff0227b3000,0x00007ff0228b4000)]
  0x00007ff040076000 JavaThread "heartbeat-receiver-event-loop-thread" daemon [_thread_blocked, id=2134, stack(0x00007ff0229b5000,0x00007ff022ab6000)]
  0x00007ff034921800 JavaThread "SparkUI-46" daemon [_thread_blocked, id=2133, stack(0x00007ff0228b4000,0x00007ff0229b5000)]
  0x00007ff034921000 JavaThread "SparkUI-45" daemon [_thread_blocked, id=2132, stack(0x00007ff0230bc000,0x00007ff0231bd000)]
  0x00007ff034929000 JavaThread "SparkUI-44" daemon [_thread_blocked, id=2131, stack(0x00007ff022fbb000,0x00007ff0230bc000)]
  0x00007ff0348cd000 JavaThread "SparkUI-43" daemon [_thread_blocked, id=2130, stack(0x00007ff022eba000,0x00007ff022fbb000)]
  0x00007ff034a3d000 JavaThread "SparkUI-42" daemon [_thread_blocked, id=2129, stack(0x00007ff022db9000,0x00007ff022eba000)]
  0x00007ff034a1c000 JavaThread "SparkUI-41" daemon [_thread_blocked, id=2128, stack(0x00007ff022cb8000,0x00007ff022db9000)]
  0x00007ff0348c9800 JavaThread "SparkUI-40-acceptor-0@a66a432-Spark@4a14b0e{HTTP/1.1}{0.0.0.0:4041}" daemon [_thread_in_native, id=2127, stack(0x00007ff022bb7000,0x00007ff022cb8000)]
  0x00007ff0348cb000 JavaThread "SparkUI-39-selector-ServerConnectorManager@54a3e543/0" daemon [_thread_in_native, id=2126, stack(0x00007ff022ab6000,0x00007ff022bb7000)]
  0x00007ff0347fc000 JavaThread "refresh progress" daemon [_thread_blocked, id=2115, stack(0x00007ff0233bd000,0x00007ff0234be000)]
  0x00007ff034747000 JavaThread "map-output-dispatcher-7" daemon [_thread_blocked, id=2114, stack(0x00007ff0236be000,0x00007ff0237bf000)]
  0x00007ff034745800 JavaThread "map-output-dispatcher-6" daemon [_thread_blocked, id=2113, stack(0x00007ff0237bf000,0x00007ff0238c0000)]
  0x00007ff034743800 JavaThread "map-output-dispatcher-5" daemon [_thread_blocked, id=2112, stack(0x00007ff0238c0000,0x00007ff0239c1000)]
  0x00007ff034741800 JavaThread "map-output-dispatcher-4" daemon [_thread_blocked, id=2111, stack(0x00007ff0239c1000,0x00007ff023ac2000)]
  0x00007ff034810800 JavaThread "map-output-dispatcher-3" daemon [_thread_blocked, id=2110, stack(0x00007ff023ac2000,0x00007ff023bc3000)]
  0x00007ff0347e6800 JavaThread "map-output-dispatcher-2" daemon [_thread_blocked, id=2109, stack(0x00007ff023bc3000,0x00007ff023cc4000)]
  0x00007ff0347e4800 JavaThread "map-output-dispatcher-1" daemon [_thread_blocked, id=2108, stack(0x00007ff023cc4000,0x00007ff023dc5000)]
  0x00007ff0347e3800 JavaThread "map-output-dispatcher-0" daemon [_thread_blocked, id=2107, stack(0x00007ff023dc5000,0x00007ff023ec6000)]
  0x00007ff03473c000 JavaThread "rpc-server-3-1" daemon [_thread_blocked, id=2106, stack(0x00007ff023ec6000,0x00007ff023fc7000)]
  0x00007ff034672800 JavaThread "dispatcher-event-loop-1" daemon [_thread_blocked, id=2105, stack(0x00007ff0243d9000,0x00007ff0244da000)]
  0x00007ff034671800 JavaThread "dispatcher-event-loop-0" daemon [_thread_blocked, id=2104, stack(0x00007ff024cfe000,0x00007ff024dff000)]
  0x00007ff02844a800 JavaThread "Thread-2" [_thread_blocked, id=2100, stack(0x00007ff04448c000,0x00007ff04458d000)]
  0x00007ff054de8800 JavaThread "Thread-1" [_thread_in_native, id=2099, stack(0x00007ff04458d000,0x00007ff04468e000)]
  0x00007ff054dd9000 JavaThread "pool-1-thread-1" [_thread_blocked, id=2098, stack(0x00007ff04488e000,0x00007ff04498f000)]
  0x00007ff0540bb000 JavaThread "Service Thread" daemon [_thread_blocked, id=2096, stack(0x00007ff058a83000,0x00007ff058b84000)]
  0x00007ff0540b8000 JavaThread "C1 CompilerThread1" daemon [_thread_blocked, id=2095, stack(0x00007ff058b84000,0x00007ff058c85000)]
  0x00007ff0540b6000 JavaThread "C2 CompilerThread0" daemon [_thread_blocked, id=2094, stack(0x00007ff058c85000,0x00007ff058d86000)]
  0x00007ff0540b4000 JavaThread "Signal Dispatcher" daemon [_thread_blocked, id=2093, stack(0x00007ff058d86000,0x00007ff058e87000)]
  0x00007ff054082000 JavaThread "Finalizer" daemon [_thread_blocked, id=2092, stack(0x00007ff05901f000,0x00007ff059120000)]
  0x00007ff05407f800 JavaThread "Reference Handler" daemon [_thread_blocked, id=2091, stack(0x00007ff059120000,0x00007ff059221000)]
  0x00007ff054011800 JavaThread "main" [_thread_in_native, id=2089, stack(0x00007ff05da27000,0x00007ff05db28000)]

Other Threads:
=>0x00007ff054075800 VMThread [stack: 0x00007ff059221000,0x00007ff059322000] [id=2090]
  0x00007ff0540be000 WatcherThread [stack: 0x00007ff058982000,0x00007ff058a83000] [id=2097]

VM state:at safepoint (normal execution)

VM Mutex/Monitor currently owned by a thread:  ([mutex/lock_event])
[0x00007ff05400df10] Threads_lock - owner thread: 0x00007ff054075800
[0x00007ff05400e410] Heap_lock - owner thread: 0x00007ff02844a800

heap address: 0x00000000c0000000, size: 1024 MB, Compressed Oops mode: 32-bit
Narrow klass base: 0x0000000000000000, Narrow klass shift: 3
Compressed class space size: 1073741824 Address: 0x0000000100000000

Heap:
 def new generation   total 24384K, used 0K [0x00000000c0000000, 0x00000000c1a70000, 0x00000000d5550000)
  eden space 21696K,   0% used [0x00000000c0000000, 0x00000000c0000000, 0x00000000c1530000)
  from space 2688K,   0% used [0x00000000c1530000, 0x00000000c1530000, 0x00000000c17d0000)
  to   space 2688K,   0% used [0x00000000c17d0000, 0x00000000c17d0000, 0x00000000c1a70000)
 tenured generation   total 58092K, used 44201K [0x00000000d5550000, 0x00000000d8e0b000, 0x0000000100000000)
   the space 58092K,  76% used [0x00000000d5550000, 0x00000000d807a7b0, 0x00000000d807a800, 0x00000000d8e0b000)
 Metaspace       used 70554K, capacity 71560K, committed 71640K, reserved 1110016K
  class space    used 9903K, capacity 10128K, committed 10200K, reserved 1048576K

Card table byte_map: [0x00007ff059ebe000,0x00007ff05a0bf000] byte_map_base: 0x00007ff0598be000

Polling page: 0x00007ff05db33000

CodeCache: size=245760Kb used=27960Kb max_used=27987Kb free=217799Kb
 bounds [0x00007ff045000000, 0x00007ff046b90000, 0x00007ff054000000]
 total_blobs=10275 nmethods=9687 adapters=500
 compilation: enabled

Compilation events (10 events):
Event: 467.330 Thread 0x00007ff0540b8000 nmethod 12394 0x00007ff046b7a510 code [0x00007ff046b7a680, 0x00007ff046b7a8c0]
Event: 467.746 Thread 0x00007ff0540b8000 12396       2       java.util.ArrayList::<init> (67 bytes)
Event: 478.551 Thread 0x00007ff0540b8000 nmethod 12396 0x00007ff046b7a9d0 code [0x00007ff046b7ab60, 0x00007ff046b7adb0]
Event: 478.760 Thread 0x00007ff0540b8000 12398       1       org.apache.spark.util.SerializableConfiguration::value (5 bytes)
Event: 480.695 Thread 0x00007ff0540b8000 nmethod 12398 0x00007ff046b7aed0 code [0x00007ff046b7b020, 0x00007ff046b7b130]
Event: 484.112 Thread 0x00007ff0540b8000 12400       2       scala.concurrent.duration.FiniteDuration::compare (57 bytes)
Event: 517.176 Thread 0x00007ff0540b6000 nmethod 12370 0x00007ff046b7b190 code [0x00007ff046b7ba20, 0x00007ff046b7ff48]
Event: 517.181 Thread 0x00007ff0540b8000 nmethod 12400 0x00007ff046b76310 code [0x00007ff046b764e0, 0x00007ff046b768a8]
Event: 517.195 Thread 0x00007ff0540b8000 12403 %     3       org.apache.xbean.asm5.ClassReader::accept @ 1110 (1172 bytes)
Event: 517.195 Thread 0x00007ff0540b6000 12371       4       org.codehaus.janino.IClass::getDeclaredIMethods (294 bytes)

GC Heap History (10 events):
Event: 407.441 GC heap after
Heap after GC invocations=1207 (full 8):
 def new generation   total 24384K, used 1268K [0x00000000c0000000, 0x00000000c1a70000, 0x00000000d5550000)
  eden space 21696K,   0% used [0x00000000c0000000, 0x00000000c0000000, 0x00000000c1530000)
  from space 2688K,  47% used [0x00000000c17d0000, 0x00000000c190d318, 0x00000000c1a70000)
  to   space 2688K,   0% used [0x00000000c1530000, 0x00000000c1530000, 0x00000000c17d0000)
 tenured generation   total 53992K, used 52458K [0x00000000d5550000, 0x00000000d8a0a000, 0x0000000100000000)
   the space 53992K,  97% used [0x00000000d5550000, 0x00000000d888a968, 0x00000000d888aa00, 0x00000000d8a0a000)
 Metaspace       used 70534K, capacity 71548K, committed 71640K, reserved 1110016K
  class space    used 9902K, capacity 10124K, committed 10200K, reserved 1048576K
}
Event: 407.549 GC heap before
{Heap before GC invocations=1207 (full 8):
 def new generation   total 24384K, used 22174K [0x00000000c0000000, 0x00000000c1a70000, 0x00000000d5550000)
  eden space 21696K,  96% used [0x00000000c0000000, 0x00000000c146a880, 0x00000000c1530000)
  from space 2688K,  47% used [0x00000000c17d0000, 0x00000000c190d318, 0x00000000c1a70000)
  to   space 2688K,   0% used [0x00000000c1530000, 0x00000000c1530000, 0x00000000c17d0000)
 tenured generation   total 53992K, used 52458K [0x00000000d5550000, 0x00000000d8a0a000, 0x0000000100000000)
   the space 53992K,  97% used [0x00000000d5550000, 0x00000000d888a968, 0x00000000d888aa00, 0x00000000d8a0a000)
 Metaspace       used 70544K, capacity 71554K, committed 71640K, reserved 1110016K
  class space    used 9902K, capacity 10126K, committed 10200K, reserved 1048576K
Event: 407.554 GC heap after
Heap after GC invocations=1208 (full 8):
 def new generation   total 24384K, used 1624K [0x00000000c0000000, 0x00000000c1a70000, 0x00000000d5550000)
  eden space 21696K,   0% used [0x00000000c0000000, 0x00000000c0000000, 0x00000000c1530000)
  from space 2688K,  60% used [0x00000000c1530000, 0x00000000c16c6338, 0x00000000c17d0000)
  to   space 2688K,   0% used [0x00000000c17d0000, 0x00000000c17d0000, 0x00000000c1a70000)
 tenured generation   total 53992K, used 52458K [0x00000000d5550000, 0x00000000d8a0a000, 0x0000000100000000)
   the space 53992K,  97% used [0x00000000d5550000, 0x00000000d888a968, 0x00000000d888aa00, 0x00000000d8a0a000)
 Metaspace       used 70544K, capacity 71554K, committed 71640K, reserved 1110016K
  class space    used 9902K, capacity 10126K, committed 10200K, reserved 1048576K
}
Event: 407.659 GC heap before
{Heap before GC invocations=1208 (full 8):
 def new generation   total 24384K, used 23320K [0x00000000c0000000, 0x00000000c1a70000, 0x00000000d5550000)
  eden space 21696K, 100% used [0x00000000c0000000, 0x00000000c1530000, 0x00000000c1530000)
  from space 2688K,  60% used [0x00000000c1530000, 0x00000000c16c6338, 0x00000000c17d0000)
  to   space 2688K,   0% used [0x00000000c17d0000, 0x00000000c17d0000, 0x00000000c1a70000)
 tenured generation   total 53992K, used 52458K [0x00000000d5550000, 0x00000000d8a0a000, 0x0000000100000000)
   the space 53992K,  97% used [0x00000000d5550000, 0x00000000d888a968, 0x00000000d888aa00, 0x00000000d8a0a000)
 Metaspace       used 70545K, capacity 71554K, committed 71640K, reserved 1110016K
  class space    used 9902K, capacity 10126K, committed 10200K, reserved 1048576K
Event: 407.664 GC heap after
Heap after GC invocations=1209 (full 8):
 def new generation   total 24384K, used 1272K [0x00000000c0000000, 0x00000000c1a70000, 0x00000000d5550000)
  eden space 21696K,   0% used [0x00000000c0000000, 0x00000000c0000000, 0x00000000c1530000)
  from space 2688K,  47% used [0x00000000c17d0000, 0x00000000c190e138, 0x00000000c1a70000)
  to   space 2688K,   0% used [0x00000000c1530000, 0x00000000c1530000, 0x00000000c17d0000)
 tenured generation   total 53992K, used 52996K [0x00000000d5550000, 0x00000000d8a0a000, 0x0000000100000000)
   the space 53992K,  98% used [0x00000000d5550000, 0x00000000d8911020, 0x00000000d8911200, 0x00000000d8a0a000)
 Metaspace       used 70545K, capacity 71554K, committed 71640K, reserved 1110016K
  class space    used 9902K, capacity 10126K, committed 10200K, reserved 1048576K
}
Event: 469.056 GC heap before
{Heap before GC invocations=1209 (full 8):
 def new generation   total 24384K, used 22968K [0x00000000c0000000, 0x00000000c1a70000, 0x00000000d5550000)
  eden space 21696K, 100% used [0x00000000c0000000, 0x00000000c1530000, 0x00000000c1530000)
  from space 2688K,  47% used [0x00000000c17d0000, 0x00000000c190e138, 0x00000000c1a70000)
  to   space 2688K,   0% used [0x00000000c1530000, 0x00000000c1530000, 0x00000000c17d0000)
 tenured generation   total 53992K, used 52996K [0x00000000d5550000, 0x00000000d8a0a000, 0x0000000100000000)
   the space 53992K,  98% used [0x00000000d5550000, 0x00000000d8911020, 0x00000000d8911200, 0x00000000d8a0a000)
 Metaspace       used 70551K, capacity 71560K, committed 71640K, reserved 1110016K
  class space    used 9903K, capacity 10128K, committed 10200K, reserved 1048576K
Event: 470.340 GC heap after
Heap after GC invocations=1210 (full 8):
 def new generation   total 24384K, used 1614K [0x00000000c0000000, 0x00000000c1a70000, 0x00000000d5550000)
  eden space 21696K,   0% used [0x00000000c0000000, 0x00000000c0000000, 0x00000000c1530000)
  from space 2688K,  60% used [0x00000000c1530000, 0x00000000c16c3928, 0x00000000c17d0000)
  to   space 2688K,   0% used [0x00000000c17d0000, 0x00000000c17d0000, 0x00000000c1a70000)
 tenured generation   total 53992K, used 52996K [0x00000000d5550000, 0x00000000d8a0a000, 0x0000000100000000)
   the space 53992K,  98% used [0x00000000d5550000, 0x00000000d8911020, 0x00000000d8911200, 0x00000000d8a0a000)
 Metaspace       used 70551K, capacity 71560K, committed 71640K, reserved 1110016K
  class space    used 9903K, capacity 10128K, committed 10200K, reserved 1048576K
}
Event: 518.693 GC heap before
{Heap before GC invocations=1210 (full 8):
 def new generation   total 24384K, used 19246K [0x00000000c0000000, 0x00000000c1a70000, 0x00000000d5550000)
  eden space 21696K,  81% used [0x00000000c0000000, 0x00000000c11381f0, 0x00000000c1530000)
  from space 2688K,  60% used [0x00000000c1530000, 0x00000000c16c3928, 0x00000000c17d0000)
  to   space 2688K,   0% used [0x00000000c17d0000, 0x00000000c17d0000, 0x00000000c1a70000)
 tenured generation   total 53992K, used 52996K [0x00000000d5550000, 0x00000000d8a0a000, 0x0000000100000000)
   the space 53992K,  98% used [0x00000000d5550000, 0x00000000d8911020, 0x00000000d8911200, 0x00000000d8a0a000)
 Metaspace       used 70554K, capacity 71560K, committed 71640K, reserved 1110016K
  class space    used 9903K, capacity 10128K, committed 10200K, reserved 1048576K
Event: 518.764 GC heap after
Heap after GC invocations=1211 (full 8):
 def new generation   total 24384K, used 1389K [0x00000000c0000000, 0x00000000c1a70000, 0x00000000d5550000)
  eden space 21696K,   0% used [0x00000000c0000000, 0x00000000c0000000, 0x00000000c1530000)
  from space 2688K,  51% used [0x00000000c17d0000, 0x00000000c192b5b8, 0x00000000c1a70000)
  to   space 2688K,   0% used [0x00000000c1530000, 0x00000000c1530000, 0x00000000c17d0000)
 tenured generation   total 53992K, used 53302K [0x00000000d5550000, 0x00000000d8a0a000, 0x0000000100000000)
   the space 53992K,  98% used [0x00000000d5550000, 0x00000000d895d988, 0x00000000d895da00, 0x00000000d8a0a000)
 Metaspace       used 70554K, capacity 71560K, committed 71640K, reserved 1110016K
  class space    used 9903K, capacity 10128K, committed 10200K, reserved 1048576K
}
Event: 554.680 GC heap before
{Heap before GC invocations=1211 (full 8):
 def new generation   total 24384K, used 22888K [0x00000000c0000000, 0x00000000c1a70000, 0x00000000d5550000)
  eden space 21696K,  99% used [0x00000000c0000000, 0x00000000c14fed40, 0x00000000c1530000)
  from space 2688K,  51% used [0x00000000c17d0000, 0x00000000c192b5b8, 0x00000000c1a70000)
  to   space 2688K,   0% used [0x00000000c1530000, 0x00000000c1530000, 0x00000000c17d0000)
 tenured generation   total 53992K, used 53302K [0x00000000d5550000, 0x00000000d8a0a000, 0x0000000100000000)
   the space 53992K,  98% used [0x00000000d5550000, 0x00000000d895d988, 0x00000000d895da00, 0x00000000d8a0a000)
 Metaspace       used 70554K, capacity 71560K, committed 71640K, reserved 1110016K
  class space    used 9903K, capacity 10128K, committed 10200K, reserved 1048576K

Deoptimization events (10 events):
Event: 401.325 Thread 0x00007ff02844a800 Uncommon trap: reason=class_check action=maybe_recompile pc=0x00007ff046677a90 method=scala.collection.IndexedSeqOptimized$class.sameElements(Lscala/collection/IndexedSeqOptimized;Lscala/collection/GenIterable;)Z @ 13
Event: 401.325 Thread 0x00007ff02844a800 Uncommon trap: reason=bimorphic action=maybe_recompile pc=0x00007ff046a56c0c method=org.apache.spark.sql.catalyst.expressions.Literal.equals(Ljava/lang/Object;)Z @ 31
Event: 401.325 Thread 0x00007ff02844a800 Uncommon trap: reason=bimorphic action=maybe_recompile pc=0x00007ff046078dec method=scala.collection.GenSeqLike$class.equals(Lscala/collection/GenSeqLike;Ljava/lang/Object;)Z @ 24
Event: 401.325 Thread 0x00007ff02844a800 Uncommon trap: reason=class_check action=maybe_recompile pc=0x00007ff046677a90 method=scala.collection.IndexedSeqOptimized$class.sameElements(Lscala/collection/IndexedSeqOptimized;Lscala/collection/GenIterable;)Z @ 13
Event: 401.325 Thread 0x00007ff02844a800 Uncommon trap: reason=bimorphic action=maybe_recompile pc=0x00007ff045df608c method=scala.collection.GenSeqLike$class.equals(Lscala/collection/GenSeqLike;Ljava/lang/Object;)Z @ 24
Event: 401.326 Thread 0x00007ff02844a800 Uncommon trap: reason=bimorphic action=maybe_recompile pc=0x00007ff046a56c0c method=org.apache.spark.sql.catalyst.expressions.Literal.equals(Ljava/lang/Object;)Z @ 31
Event: 401.326 Thread 0x00007ff02844a800 Uncommon trap: reason=bimorphic action=maybe_recompile pc=0x00007ff046a56c0c method=org.apache.spark.sql.catalyst.expressions.Literal.equals(Ljava/lang/Object;)Z @ 31
Event: 401.326 Thread 0x00007ff02844a800 Uncommon trap: reason=bimorphic action=maybe_recompile pc=0x00007ff046a56c0c method=org.apache.spark.sql.catalyst.expressions.Literal.equals(Ljava/lang/Object;)Z @ 31
Event: 406.030 Thread 0x00007ff02844a800 Uncommon trap: reason=unstable_if action=reinterpret pc=0x00007ff046a93494 method=java.net.URI.equal(Ljava/lang/String;Ljava/lang/String;)Z @ 23
Event: 406.032 Thread 0x00007ff02844a800 Uncommon trap: reason=unstable_if action=reinterpret pc=0x00007ff0469f6f14 method=scala.collection.IndexedSeqOptimized$class.segmentLength(Lscala/collection/IndexedSeqOptimized;Lscala/Function1;I)I @ 33

Classes redefined (0 events):
No events

Internal exceptions (10 events):
Event: 26.443 Thread 0x00007ff02844a800 Exception <a 'java/lang/NoSuchMethodError': <clinit>> (0x00000000c0a04590) thrown at [/build/openjdk-8-g3XteX/openjdk-8-8u222-b10/src/hotspot/src/share/vm/prims/jni.cpp, line 1615]
Event: 26.450 Thread 0x00007ff02844a800 Exception <a 'java/lang/NoSuchMethodError': <clinit>> (0x00000000c0a1bc70) thrown at [/build/openjdk-8-g3XteX/openjdk-8-8u222-b10/src/hotspot/src/share/vm/prims/jni.cpp, line 1615]
Event: 26.453 Thread 0x00007ff02844a800 Exception <a 'java/lang/NoSuchMethodError': <clinit>> (0x00000000c0ae6038) thrown at [/build/openjdk-8-g3XteX/openjdk-8-8u222-b10/src/hotspot/src/share/vm/prims/jni.cpp, line 1615]
Event: 26.465 Thread 0x00007ff02844a800 Exception <a 'java/lang/NoSuchMethodError': <clinit>> (0x00000000c0c80c28) thrown at [/build/openjdk-8-g3XteX/openjdk-8-8u222-b10/src/hotspot/src/share/vm/prims/jni.cpp, line 1615]
Event: 26.465 Thread 0x00007ff02844a800 Exception <a 'java/lang/NoSuchMethodError': <clinit>> (0x00000000c0c8e638) thrown at [/build/openjdk-8-g3XteX/openjdk-8-8u222-b10/src/hotspot/src/share/vm/prims/jni.cpp, line 1615]
Event: 26.474 Thread 0x00007ff02844a800 Exception <a 'java/lang/NoSuchMethodError': <clinit>> (0x00000000c0d7e940) thrown at [/build/openjdk-8-g3XteX/openjdk-8-8u222-b10/src/hotspot/src/share/vm/prims/jni.cpp, line 1615]
Event: 26.474 Thread 0x00007ff02844a800 Exception <a 'java/lang/NoSuchMethodError': <clinit>> (0x00000000c0d9cd20) thrown at [/build/openjdk-8-g3XteX/openjdk-8-8u222-b10/src/hotspot/src/share/vm/prims/jni.cpp, line 1615]
Event: 26.497 Thread 0x00007ff034a28000 Exception <a 'java/lang/NoSuchMethodError': <clinit>> (0x00000000c0fa7968) thrown at [/build/openjdk-8-g3XteX/openjdk-8-8u222-b10/src/hotspot/src/share/vm/prims/jni.cpp, line 1615]
Event: 27.185 Thread 0x00007ff034a28000 Exception <a 'java/lang/NoSuchMethodError': <clinit>> (0x00000000c0376bd8) thrown at [/build/openjdk-8-g3XteX/openjdk-8-8u222-b10/src/hotspot/src/share/vm/prims/jni.cpp, line 1615]
Event: 56.503 Thread 0x00007ff02844a800 Implicit null exception at 0x00007ff0456c3ab0 to 0x00007ff0456c3d2d

Events (10 events):
Event: 441.764 loading class org/apache/spark/sql/catalyst/expressions/Object done
Event: 459.540 loading class org/apache/spark/sql/catalyst/expressions/GeneratedClass
Event: 459.582 loading class org/apache/spark/sql/catalyst/expressions/GeneratedClass done
Event: 468.785 Executing VM operation: GenCollectForAllocation
Event: 470.582 Executing VM operation: GenCollectForAllocation done
Event: 518.597 Executing VM operation: GenCollectForAllocation
Event: 518.788 Executing VM operation: GenCollectForAllocation done
Event: 546.221 Thread 0x00007ff02844a800 DEOPT PACKING pc=0x00007ff04586b496 sp=0x00007ff0445878e0
Event: 546.533 Thread 0x00007ff02844a800 DEOPT UNPACKING pc=0x00007ff0450474c4 sp=0x00007ff044587660 mode 0
Event: 554.405 Executing VM operation: GenCollectForAllocation


Dynamic libraries:
00400000-00401000 r-xp 00000000 ca:01 286273                             /usr/lib/jvm/java-8-openjdk-amd64/jre/bin/java
00600000-00601000 r--p 00000000 ca:01 286273                             /usr/lib/jvm/java-8-openjdk-amd64/jre/bin/java
00601000-00602000 rw-p 00001000 ca:01 286273                             /usr/lib/jvm/java-8-openjdk-amd64/jre/bin/java
008bc000-008fe000 rw-p 00000000 00:00 0                                  [heap]
c0000000-c1a70000 rw-p 00000000 00:00 0 
c1a70000-d5550000 ---p 00000000 00:00 0 
d5550000-d8e0b000 rw-p 00000000 00:00 0 
d9d42000-100000000 ---p 00000000 00:00 0 
100000000-1009f6000 rw-p 00000000 00:00 0 
1009f6000-140000000 ---p 00000000 00:00 0 
7ff01eb1a000-7ff01ed1a000 rw-p 00000000 00:00 0 
7ff01ed1a000-7ff01ef1a000 rw-p 00000000 00:00 0 
7ff01ef1a000-7ff01ef1d000 ---p 00000000 00:00 0 
7ff01ef1d000-7ff01f21b000 rw-p 00000000 00:00 0 
7ff01f21b000-7ff01f41b000 rw-p 00000000 00:00 0 
7ff01f41b000-7ff01f61b000 rw-p 00000000 00:00 0 
7ff01f61b000-7ff01f61e000 ---p 00000000 00:00 0 
7ff01f61e000-7ff01f91c000 rw-p 00000000 00:00 0 
7ff01f91c000-7ff01f91f000 ---p 00000000 00:00 0 
7ff01f91f000-7ff01fc1d000 rw-p 00000000 00:00 0 
7ff01fc1d000-7ff01fe1d000 rw-p 00000000 00:00 0 
7ff01fe1d000-7ff02001d000 rw-p 00000000 00:00 0 
7ff02001d000-7ff02021d000 rw-p 00000000 00:00 0 
7ff02021d000-7ff02041d000 rw-p 00000000 00:00 0 
7ff02041d000-7ff02061d000 rw-p 00000000 00:00 0 
7ff02061d000-7ff020620000 ---p 00000000 00:00 0 
7ff020620000-7ff02071e000 rw-p 00000000 00:00 0 
7ff02071e000-7ff020721000 ---p 00000000 00:00 0 
7ff020721000-7ff02081f000 rw-p 00000000 00:00 0 
7ff02081f000-7ff020822000 ---p 00000000 00:00 0 
7ff020822000-7ff020920000 rw-p 00000000 00:00 0 
7ff020920000-7ff020923000 ---p 00000000 00:00 0 
7ff020923000-7ff020a21000 rw-p 00000000 00:00 0 
7ff020a21000-7ff020a24000 ---p 00000000 00:00 0 
7ff020a24000-7ff020b22000 rw-p 00000000 00:00 0 
7ff020b22000-7ff020b25000 ---p 00000000 00:00 0 
7ff020b25000-7ff020e23000 rw-p 00000000 00:00 0 
7ff020e23000-7ff020e26000 ---p 00000000 00:00 0 
7ff020e26000-7ff021124000 rw-p 00000000 00:00 0 
7ff021124000-7ff021131000 r-xp 00000000 ca:01 28269                      /tmp/liblz4-java3833268312580040297.so
7ff021131000-7ff021330000 ---p 0000d000 ca:01 28269                      /tmp/liblz4-java3833268312580040297.so
7ff021330000-7ff021331000 rw-p 0000c000 ca:01 28269                      /tmp/liblz4-java3833268312580040297.so
7ff021331000-7ff021531000 rw-p 00000000 00:00 0 
7ff021531000-7ff021731000 rw-p 00000000 00:00 0 
7ff021731000-7ff021931000 rw-p 00000000 00:00 0 
7ff0219a9000-7ff0219ac000 ---p 00000000 00:00 0 
7ff0219ac000-7ff021aaa000 rw-p 00000000 00:00 0 
7ff021aaa000-7ff021aad000 ---p 00000000 00:00 0 
7ff021aad000-7ff021bab000 rw-p 00000000 00:00 0 
7ff021bab000-7ff021bae000 ---p 00000000 00:00 0 
7ff021bae000-7ff021eac000 rw-p 00000000 00:00 0 
7ff021eac000-7ff021eaf000 ---p 00000000 00:00 0 
7ff021eaf000-7ff021fad000 rw-p 00000000 00:00 0 
7ff021fad000-7ff021fb0000 ---p 00000000 00:00 0 
7ff021fb0000-7ff0220ae000 rw-p 00000000 00:00 0 
7ff0220ae000-7ff0220b1000 ---p 00000000 00:00 0 
7ff0220b1000-7ff0223af000 rw-p 00000000 00:00 0 
7ff0223af000-7ff0223b2000 ---p 00000000 00:00 0 
7ff0223b2000-7ff0224b0000 rw-p 00000000 00:00 0 
7ff0224b0000-7ff0224b3000 ---p 00000000 00:00 0 
7ff0224b3000-7ff0225b1000 rw-p 00000000 00:00 0 
7ff0225b1000-7ff0225b4000 ---p 00000000 00:00 0 
7ff0225b4000-7ff0226b2000 rw-p 00000000 00:00 0 
7ff0226b2000-7ff0226b5000 ---p 00000000 00:00 0 
7ff0226b5000-7ff0227b3000 rw-p 00000000 00:00 0 
7ff0227b3000-7ff0227b6000 ---p 00000000 00:00 0 
7ff0227b6000-7ff0228b4000 rw-p 00000000 00:00 0 
7ff0228b4000-7ff0228b7000 ---p 00000000 00:00 0 
7ff0228b7000-7ff0229b5000 rw-p 00000000 00:00 0 
7ff0229b5000-7ff0229b8000 ---p 00000000 00:00 0 
7ff0229b8000-7ff022ab6000 rw-p 00000000 00:00 0 
7ff022ab6000-7ff022ab9000 ---p 00000000 00:00 0 
7ff022ab9000-7ff022bb7000 rw-p 00000000 00:00 0 
7ff022bb7000-7ff022bba000 ---p 00000000 00:00 0 
7ff022bba000-7ff022cb8000 rw-p 00000000 00:00 0 
7ff022cb8000-7ff022cbb000 ---p 00000000 00:00 0 
7ff022cbb000-7ff022db9000 rw-p 00000000 00:00 0 
7ff022db9000-7ff022dbc000 ---p 00000000 00:00 0 
7ff022dbc000-7ff022eba000 rw-p 00000000 00:00 0 
7ff022eba000-7ff022ebd000 ---p 00000000 00:00 0 
7ff022ebd000-7ff022fbb000 rw-p 00000000 00:00 0 
7ff022fbb000-7ff022fbe000 ---p 00000000 00:00 0 
7ff022fbe000-7ff0230bc000 rw-p 00000000 00:00 0 
7ff0230bc000-7ff0230bf000 ---p 00000000 00:00 0 
7ff0230bf000-7ff0233bd000 rw-p 00000000 00:00 0 
7ff0233bd000-7ff0233c0000 ---p 00000000 00:00 0 
7ff0233c0000-7ff0236be000 rw-p 00000000 00:00 0 
7ff0236be000-7ff0236c1000 ---p 00000000 00:00 0 
7ff0236c1000-7ff0237bf000 rw-p 00000000 00:00 0 
7ff0237bf000-7ff0237c2000 ---p 00000000 00:00 0 
7ff0237c2000-7ff0238c0000 rw-p 00000000 00:00 0 
7ff0238c0000-7ff0238c3000 ---p 00000000 00:00 0 
7ff0238c3000-7ff0239c1000 rw-p 00000000 00:00 0 
7ff0239c1000-7ff0239c4000 ---p 00000000 00:00 0 
7ff0239c4000-7ff023ac2000 rw-p 00000000 00:00 0 
7ff023ac2000-7ff023ac5000 ---p 00000000 00:00 0 
7ff023ac5000-7ff023bc3000 rw-p 00000000 00:00 0 
7ff023bc3000-7ff023bc6000 ---p 00000000 00:00 0 
7ff023bc6000-7ff023cc4000 rw-p 00000000 00:00 0 
7ff023cc4000-7ff023cc7000 ---p 00000000 00:00 0 
7ff023cc7000-7ff023dc5000 rw-p 00000000 00:00 0 
7ff023dc5000-7ff023dc8000 ---p 00000000 00:00 0 
7ff023dc8000-7ff023ec6000 rw-p 00000000 00:00 0 
7ff023ec6000-7ff023ec9000 ---p 00000000 00:00 0 
7ff023ec9000-7ff023fc7000 rw-p 00000000 00:00 0 
7ff023fc7000-7ff023fd8000 r-xp 00000000 ca:01 286360                     /usr/lib/jvm/java-8-openjdk-amd64/jre/lib/amd64/libnio.so
7ff023fd8000-7ff0241d7000 ---p 00011000 ca:01 286360                     /usr/lib/jvm/java-8-openjdk-amd64/jre/lib/amd64/libnio.so
7ff0241d7000-7ff0241d8000 r--p 00010000 ca:01 286360                     /usr/lib/jvm/java-8-openjdk-amd64/jre/lib/amd64/libnio.so
7ff0241d8000-7ff0241d9000 rw-p 00011000 ca:01 286360                     /usr/lib/jvm/java-8-openjdk-amd64/jre/lib/amd64/libnio.so
7ff0241d9000-7ff0243d9000 rw-p 00000000 00:00 0 
7ff0243d9000-7ff0243dc000 ---p 00000000 00:00 0 
7ff0243dc000-7ff0246da000 rw-p 00000000 00:00 0 
7ff0246da000-7ff0246f1000 r-xp 00000000 ca:01 1984                       /lib/x86_64-linux-gnu/libresolv-2.23.so
7ff0246f1000-7ff0248f1000 ---p 00017000 ca:01 1984                       /lib/x86_64-linux-gnu/libresolv-2.23.so
7ff0248f1000-7ff0248f2000 r--p 00017000 ca:01 1984                       /lib/x86_64-linux-gnu/libresolv-2.23.so
7ff0248f2000-7ff0248f3000 rw-p 00018000 ca:01 1984                       /lib/x86_64-linux-gnu/libresolv-2.23.so
7ff0248f3000-7ff0248f5000 rw-p 00000000 00:00 0 
7ff0248f5000-7ff0248fa000 r-xp 00000000 ca:01 1990                       /lib/x86_64-linux-gnu/libnss_dns-2.23.so
7ff0248fa000-7ff024afa000 ---p 00005000 ca:01 1990                       /lib/x86_64-linux-gnu/libnss_dns-2.23.so
7ff024afa000-7ff024afb000 r--p 00005000 ca:01 1990                       /lib/x86_64-linux-gnu/libnss_dns-2.23.so
7ff024afb000-7ff024afc000 rw-p 00006000 ca:01 1990                       /lib/x86_64-linux-gnu/libnss_dns-2.23.so
7ff024afc000-7ff024afd000 r-xp 00000000 ca:01 286366                     /usr/lib/jvm/java-8-openjdk-amd64/jre/lib/amd64/libjaas_unix.so
7ff024afd000-7ff024cfc000 ---p 00001000 ca:01 286366                     /usr/lib/jvm/java-8-openjdk-amd64/jre/lib/amd64/libjaas_unix.so
7ff024cfc000-7ff024cfd000 r--p 00000000 ca:01 286366                     /usr/lib/jvm/java-8-openjdk-amd64/jre/lib/amd64/libjaas_unix.so
7ff024cfd000-7ff024cfe000 rw-p 00001000 ca:01 286366                     /usr/lib/jvm/java-8-openjdk-amd64/jre/lib/amd64/libjaas_unix.so
7ff024cfe000-7ff024d01000 ---p 00000000 00:00 0 
7ff024d01000-7ff024fff000 rw-p 00000000 00:00 0 
7ff024fff000-7ff028000000 rw-p 00000000 00:00 0 
7ff028000000-7ff029052000 rw-p 00000000 00:00 0 
7ff029052000-7ff02c000000 ---p 00000000 00:00 0 
7ff02c000000-7ff02c021000 rw-p 00000000 00:00 0 
7ff02c021000-7ff030000000 ---p 00000000 00:00 0 
7ff030000000-7ff0300ab000 rw-p 00000000 00:00 0 
7ff0300ab000-7ff034000000 ---p 00000000 00:00 0 
7ff034000000-7ff03776b000 rw-p 00000000 00:00 0 
7ff03776b000-7ff038000000 ---p 00000000 00:00 0 
7ff038000000-7ff038045000 rw-p 00000000 00:00 0 
7ff038045000-7ff03c000000 ---p 00000000 00:00 0 
7ff03c000000-7ff03c021000 rw-p 00000000 00:00 0 
7ff03c021000-7ff040000000 ---p 00000000 00:00 0 
7ff040000000-7ff0402eb000 rw-p 00000000 00:00 0 
7ff0402eb000-7ff044000000 ---p 00000000 00:00 0 
7ff04402f000-7ff044031000 r--s 00016000 ca:01 286312                     /usr/lib/jvm/java-8-openjdk-amd64/jre/lib/jce.jar
7ff044031000-7ff044036000 r--s 000a3000 ca:01 286376                     /usr/lib/jvm/java-8-openjdk-amd64/jre/lib/jsse.jar
7ff044036000-7ff044049000 r--s 00346000 ca:01 286377                     /usr/lib/jvm/java-8-openjdk-amd64/jre/lib/resources.jar
7ff044049000-7ff04404c000 ---p 00000000 00:00 0 
7ff04404c000-7ff044282000 rw-p 00000000 00:00 0 
7ff044282000-7ff04428b000 r-xp 00000000 ca:01 286338                     /usr/lib/jvm/java-8-openjdk-amd64/jre/lib/amd64/libmanagement.so
7ff04428b000-7ff04448a000 ---p 00009000 ca:01 286338                     /usr/lib/jvm/java-8-openjdk-amd64/jre/lib/amd64/libmanagement.so
7ff04448a000-7ff04448b000 r--p 00008000 ca:01 286338                     /usr/lib/jvm/java-8-openjdk-amd64/jre/lib/amd64/libmanagement.so
7ff04448b000-7ff04448c000 rw-p 00009000 ca:01 286338                     /usr/lib/jvm/java-8-openjdk-amd64/jre/lib/amd64/libmanagement.so
7ff04448c000-7ff04448f000 ---p 00000000 00:00 0 
7ff04448f000-7ff04458d000 rw-p 00000000 00:00 0 
7ff04458d000-7ff044590000 ---p 00000000 00:00 0 
7ff044590000-7ff04488e000 rw-p 00000000 00:00 0 
7ff04488e000-7ff044891000 ---p 00000000 00:00 0 
7ff044891000-7ff04498f000 rw-p 00000000 00:00 0 
7ff04498f000-7ff0449a5000 r-xp 00000000 ca:01 286343                     /usr/lib/jvm/java-8-openjdk-amd64/jre/lib/amd64/libnet.so
7ff0449a5000-7ff044ba5000 ---p 00016000 ca:01 286343                     /usr/lib/jvm/java-8-openjdk-amd64/jre/lib/amd64/libnet.so
7ff044ba5000-7ff044ba6000 r--p 00016000 ca:01 286343                     /usr/lib/jvm/java-8-openjdk-amd64/jre/lib/amd64/libnet.so
7ff044ba6000-7ff044ba7000 rw-p 00017000 ca:01 286343                     /usr/lib/jvm/java-8-openjdk-amd64/jre/lib/amd64/libnet.so
7ff044ba7000-7ff044baa000 r--s 00015000 ca:01 261533                     /home/ubuntu/spark-2.1.1-bin-hadoop2.7/jars/javax.servlet-api-3.1.0.jar
7ff044baa000-7ff044bd6000 r--s 001c9000 ca:01 261798                     /home/ubuntu/spark-2.1.1-bin-hadoop2.7/jars/shapeless_2.11-2.0.0.jar
7ff044bd6000-7ff044be1000 r--s 000b0000 ca:01 261731                     /home/ubuntu/spark-2.1.1-bin-hadoop2.7/jars/jtransforms-2.4.0.jar
7ff044be1000-7ff044be7000 r--s 00043000 ca:01 261858                     /home/ubuntu/spark-2.1.1-bin-hadoop2.7/jars/commons-configuration-1.6.jar
7ff044be7000-7ff044beb000 r--s 00019000 ca:01 261784                     /home/ubuntu/spark-2.1.1-bin-hadoop2.7/jars/javax.ws.rs-api-2.0.1.jar
7ff044beb000-7ff044bed000 r--s 00009000 ca:01 261839                     /home/ubuntu/spark-2.1.1-bin-hadoop2.7/jars/commons-cli-1.2.jar
7ff044bed000-7ff044bf7000 r--s 00095000 ca:01 261728                     /home/ubuntu/spark-2.1.1-bin-hadoop2.7/jars/scala-xml_2.11-1.0.2.jar
7ff044bf7000-7ff044bfc000 r--s 00031000 ca:01 261744                     /home/ubuntu/spark-2.1.1-bin-hadoop2.7/jars/parquet-hadoop-1.8.1.jar
7ff044bfc000-7ff044c00000 r--s 00020000 ca:01 261720                     /home/ubuntu/spark-2.1.1-bin-hadoop2.7/jars/commons-digester-1.8.jar
7ff044c00000-7ff044c02000 r--s 00027000 ca:01 261790                     /home/ubuntu/spark-2.1.1-bin-hadoop2.7/jars/core-1.1.2.jar
7ff044c02000-7ff044c19000 r--s 00183000 ca:01 261753                     /home/ubuntu/spark-2.1.1-bin-hadoop2.7/jars/hadoop-yarn-common-2.7.3.jar
7ff044c19000-7ff044c1a000 r--s 00004000 ca:01 261711                     /home/ubuntu/spark-2.1.1-bin-hadoop2.7/jars/eigenbase-properties-1.1.5.jar
7ff044c1a000-7ff044c20000 r--s 00044000 ca:01 261763                     /home/ubuntu/spark-2.1.1-bin-hadoop2.7/jars/antlr4-runtime-4.5.3.jar
7ff044c20000-7ff044c22000 r--s 0000b000 ca:01 261840                     /home/ubuntu/spark-2.1.1-bin-hadoop2.7/jars/chill-java-0.8.0.jar
7ff044c22000-7ff044c2c000 r--s 00086000 ca:01 261718                     /home/ubuntu/spark-2.1.1-bin-hadoop2.7/jars/json4s-core_2.11-3.2.11.jar
7ff044c2c000-7ff044c2e000 r--s 0000f000 ca:01 261566                     /home/ubuntu/spark-2.1.1-bin-hadoop2.7/jars/activation-1.1.1.jar
7ff044c2e000-7ff044c32000 r--s 00031000 ca:01 261583                     /home/ubuntu/spark-2.1.1-bin-hadoop2.7/jars/jline-2.12.1.jar
7ff044c32000-7ff044c38000 r--s 00028000 ca:01 261745                     /home/ubuntu/spark-2.1.1-bin-hadoop2.7/jars/curator-framework-2.6.0.jar
7ff044c38000-7ff044c45000 r--s 000b1000 ca:01 261545                     /home/ubuntu/spark-2.1.1-bin-hadoop2.7/jars/hadoop-mapreduce-client-common-2.7.3.jar
7ff044c45000-7ff044c47000 r--s 00009000 ca:01 261758                     /home/ubuntu/spark-2.1.1-bin-hadoop2.7/jars/jackson-module-paranamer-2.6.5.jar
7ff044c47000-7ff044c48000 r--s 00009000 ca:01 261845                     /home/ubuntu/spark-2.1.1-bin-hadoop2.7/jars/slf4j-api-1.7.16.jar
7ff044c48000-7ff044c49000 r--s 00004000 ca:01 261710                     /home/ubuntu/spark-2.1.1-bin-hadoop2.7/jars/jackson-jaxrs-1.9.13.jar
7ff044c49000-7ff044c4b000 r--s 00012000 ca:01 261803                     /home/ubuntu/spark-2.1.1-bin-hadoop2.7/jars/api-util-1.0.0-M20.jar
7ff044c4b000-7ff044c53000 r--s 00066000 ca:01 261732                     /home/ubuntu/spark-2.1.1-bin-hadoop2.7/jars/apache-log4j-extras-1.2.17.jar
7ff044c53000-7ff044c55000 r--s 00004000 ca:01 261587                     /home/ubuntu/spark-2.1.1-bin-hadoop2.7/jars/stax-api-1.0-2.jar
7ff044c55000-7ff044c63000 r--s 00078000 ca:01 261756                     /home/ubuntu/spark-2.1.1-bin-hadoop2.7/jars/spark-mesos_2.11-2.1.1.jar
7ff044c63000-7ff044c91000 r--s 00212000 ca:01 261712                     /home/ubuntu/spark-2.1.1-bin-hadoop2.7/jars/spark-network-common_2.11-2.1.1.jar
7ff044c91000-7ff044c99000 r--s 0006e000 ca:01 261765                     /home/ubuntu/spark-2.1.1-bin-hadoop2.7/jars/commons-lang3-3.5.jar
7ff044c99000-7ff044c9a000 r--s 00009000 ca:01 261830                     /home/ubuntu/spark-2.1.1-bin-hadoop2.7/jars/hive-cli-1.2.1.spark2.jar
7ff044c9a000-7ff044cb0000 r--s 001a4000 ca:01 261613                     /home/ubuntu/spark-2.1.1-bin-hadoop2.7/jars/datanucleus-rdbms-3.2.9.jar
7ff044cb0000-7ff044cc1000 r--s 0010d000 ca:01 261714                     /home/ubuntu/spark-2.1.1-bin-hadoop2.7/jars/jackson-databind-2.6.5.jar
7ff044cc1000-7ff044cc3000 r--s 0000a000 ca:01 261612                     /home/ubuntu/spark-2.1.1-bin-hadoop2.7/jars/spark-unsafe_2.11-2.1.1.jar
7ff044cc3000-7ff044ce7000 r--s 001cd000 ca:01 261855                     /home/ubuntu/spark-2.1.1-bin-hadoop2.7/jars/commons-math3-3.4.1.jar
7ff044ce7000-7ff044ceb000 r--s 0002a000 ca:01 261747                     /home/ubuntu/spark-2.1.1-bin-hadoop2.7/jars/commons-io-2.4.jar
7ff044ceb000-7ff044cf3000 r--s 00059000 ca:01 261611                     /home/ubuntu/spark-2.1.1-bin-hadoop2.7/jars/javolution-5.5.1.jar
7ff044cf3000-7ff044cf4000 r--s 00003000 ca:01 261568                     /home/ubuntu/spark-2.1.1-bin-hadoop2.7/jars/jta-1.1.jar
7ff044cf4000-7ff044cf7000 r--s 00009000 ca:01 261751                     /home/ubuntu/spark-2.1.1-bin-hadoop2.7/jars/jackson-annotations-2.6.5.jar
7ff044cf7000-7ff044d6b000 r--s 00574000 ca:01 261739                     /home/ubuntu/spark-2.1.1-bin-hadoop2.7/jars/spark-mllib_2.11-2.1.1.jar
7ff044d6b000-7ff044d86000 r--s 001d8000 ca:01 261572                     /home/ubuntu/spark-2.1.1-bin-hadoop2.7/jars/jets3t-0.9.3.jar
7ff044d86000-7ff044e11000 r--s 0069e000 ca:01 261713                     /home/ubuntu/spark-2.1.1-bin-hadoop2.7/jars/spark-catalyst_2.11-2.1.1.jar
7ff044e11000-7ff044e16000 r--s 0002a000 ca:01 261576                     /home/ubuntu/spark-2.1.1-bin-hadoop2.7/jars/commons-beanutils-1.7.0.jar
7ff044e16000-7ff044e18000 r--s 00006000 ca:01 261588                     /home/ubuntu/spark-2.1.1-bin-hadoop2.7/jars/paranamer-2.3.jar
7ff044e18000-7ff044e1c000 r--s 0002c000 ca:01 261748                     /home/ubuntu/spark-2.1.1-bin-hadoop2.7/jars/avro-ipc-1.7.7.jar
7ff044e1c000-7ff044e39000 r--s 001d5000 ca:01 261860                     /home/ubuntu/spark-2.1.1-bin-hadoop2.7/jars/hadoop-yarn-api-2.7.3.jar
7ff044e39000-7ff044e3d000 r--s 00014000 ca:01 261856                     /home/ubuntu/spark-2.1.1-bin-hadoop2.7/jars/xz-1.0.jar
7ff044e3d000-7ff044e40000 r--s 000fd000 ca:01 261604                     /home/ubuntu/spark-2.1.1-bin-hadoop2.7/jars/leveldbjni-all-1.8.jar
7ff044e40000-7ff044e46000 r--s 00063000 ca:01 261849                     /home/ubuntu/spark-2.1.1-bin-hadoop2.7/jars/jodd-core-3.5.2.jar
7ff044e46000-7ff044e4a000 r--s 00030000 ca:01 261532                     /home/ubuntu/spark-2.1.1-bin-hadoop2.7/jars/commons-net-2.2.jar
7ff044e4a000-7ff044e4e000 r--s 00028000 ca:01 261608                     /home/ubuntu/spark-2.1.1-bin-hadoop2.7/jars/spark-mllib-local_2.11-2.1.1.jar
7ff044e4e000-7ff044e55000 r--s 0007d000 ca:01 261722                     /home/ubuntu/spark-2.1.1-bin-hadoop2.7/jars/jetty-6.1.26.jar
7ff044e55000-7ff044e58000 r--s 0002f000 ca:01 261546                     /home/ubuntu/spark-2.1.1-bin-hadoop2.7/jars/RoaringBitmap-0.5.11.jar
7ff044e58000-7ff044f28000 r--s 00cf0000 ca:01 261540                     /home/ubuntu/spark-2.1.1-bin-hadoop2.7/jars/breeze_2.11-0.12.jar
7ff044f28000-7ff045000000 r--s 00a88000 ca:01 261543                     /home/ubuntu/spark-2.1.1-bin-hadoop2.7/jars/spark-core_2.11-2.1.1.jar
7ff045000000-7ff046b90000 rwxp 00000000 00:00 0 
7ff046b90000-7ff054000000 ---p 00000000 00:00 0 
7ff054000000-7ff054df7000 rw-p 00000000 00:00 0 
7ff054df7000-7ff058000000 ---p 00000000 00:00 0 
7ff058000000-7ff058001000 r--s 00003000 ca:01 261594                     /home/ubuntu/spark-2.1.1-bin-hadoop2.7/jars/xmlenc-0.52.jar
7ff058001000-7ff058002000 r--s 00004000 ca:01 261716                     /home/ubuntu/spark-2.1.1-bin-hadoop2.7/jars/opencsv-2.3.jar
7ff058002000-7ff058003000 r--s 00004000 ca:01 261866                     /home/ubuntu/spark-2.1.1-bin-hadoop2.7/jars/osgi-resource-locator-1.0.1.jar
7ff058003000-7ff058024000 r--s 0019b000 ca:01 261796                     /home/ubuntu/spark-2.1.1-bin-hadoop2.7/jars/spark-hive-thriftserver_2.11-2.1.1.jar
7ff058024000-7ff058029000 r--s 00041000 ca:01 261740                     /home/ubuntu/spark-2.1.1-bin-hadoop2.7/jars/commons-lang-2.6.jar
7ff058029000-7ff05802b000 r--s 00020000 ca:01 261749                     /home/ubuntu/spark-2.1.1-bin-hadoop2.7/jars/hive-beeline-1.2.1.spark2.jar
7ff05802b000-7ff058032000 r--s 00049000 ca:01 261736                     /home/ubuntu/spark-2.1.1-bin-hadoop2.7/jars/httpcore-4.4.4.jar
7ff058032000-7ff058034000 r--s 00014000 ca:01 261717                     /home/ubuntu/spark-2.1.1-bin-hadoop2.7/jars/spire-macros_2.11-0.7.4.jar
7ff058034000-7ff058035000 r--s 00001000 ca:01 261621                     /home/ubuntu/spark-2.1.1-bin-hadoop2.7/jars/pmml-schema-1.2.15.jar
7ff058035000-7ff058039000 r--s 00028000 ca:01 261573                     /home/ubuntu/spark-2.1.1-bin-hadoop2.7/jars/jetty-util-6.1.26.jar
7ff058039000-7ff05803c000 r--s 00006000 ca:01 261721                     /home/ubuntu/spark-2.1.1-bin-hadoop2.7/jars/jsr305-1.3.9.jar
7ff05803c000-7ff058043000 r--s 0005d000 ca:01 261793                     /home/ubuntu/spark-2.1.1-bin-hadoop2.7/jars/mx4j-3.0.2.jar
7ff058043000-7ff058045000 r--s 0000e000 ca:01 261821                     /home/ubuntu/spark-2.1.1-bin-hadoop2.7/jars/guice-servlet-3.0.jar
7ff058045000-7ff05804d000 r--s 0007b000 ca:01 261737                     /home/ubuntu/spark-2.1.1-bin-hadoop2.7/jars/protobuf-java-2.5.0.jar
7ff05804d000-7ff058056000 r--s 00062000 ca:01 261580                     /home/ubuntu/spark-2.1.1-bin-hadoop2.7/jars/avro-1.7.7.jar
7ff058056000-7ff058058000 r--s 00003000 ca:01 261733                     /home/ubuntu/spark-2.1.1-bin-hadoop2.7/jars/jcl-over-slf4j-1.7.16.jar
7ff058058000-7ff058059000 r--s 00002000 ca:01 261619                     /home/ubuntu/spark-2.1.1-bin-hadoop2.7/jars/slf4j-log4j12-1.7.16.jar
7ff058059000-7ff05805b000 r--s 00006000 ca:01 261578                     /home/ubuntu/spark-2.1.1-bin-hadoop2.7/jars/spark-sketch_2.11-2.1.1.jar
7ff05805b000-7ff058060000 r--s 00068000 ca:01 261791                     /home/ubuntu/spark-2.1.1-bin-hadoop2.7/jars/antlr-2.7.7.jar
7ff058060000-7ff058062000 r--s 00000000 ca:01 261759                     /home/ubuntu/spark-2.1.1-bin-hadoop2.7/jars/aopalliance-1.0.jar
7ff058062000-7ff058064000 r--s 00012000 ca:01 261730                     /home/ubuntu/spark-2.1.1-bin-hadoop2.7/jars/compress-lzf-1.0.3.jar
7ff058064000-7ff058071000 r--s 0009e000 ca:01 261822                     /home/ubuntu/spark-2.1.1-bin-hadoop2.7/jars/spark-graphx_2.11-2.1.1.jar
7ff058071000-7ff058076000 r--s 00028000 ca:01 261841                     /home/ubuntu/spark-2.1.1-bin-hadoop2.7/jars/avro-mapred-1.7.7-hadoop2.jar
7ff058076000-7ff05808c000 r--s 00124000 ca:01 261833                     /home/ubuntu/spark-2.1.1-bin-hadoop2.7/jars/ivy-2.4.0.jar
7ff05808c000-7ff058094000 r--s 00078000 ca:01 261805                     /home/ubuntu/spark-2.1.1-bin-hadoop2.7/jars/mail-1.4.7.jar
7ff058094000-7ff058099000 r--s 0004e000 ca:01 261582                     /home/ubuntu/spark-2.1.1-bin-hadoop2.7/jars/datanucleus-api-jdo-3.2.6.jar
7ff058099000-7ff0580b1000 r--s 001b6000 ca:01 261569                     /home/ubuntu/spark-2.1.1-bin-hadoop2.7/jars/datanucleus-core-3.2.10.jar
7ff0580b1000-7ff0580c5000 r--s 000ec000 ca:01 261539                     /home/ubuntu/spark-2.1.1-bin-hadoop2.7/jars/parquet-jackson-1.8.1.jar
7ff0580c5000-7ff0580c7000 r--s 0000e000 ca:01 261785                     /home/ubuntu/spark-2.1.1-bin-hadoop2.7/jars/hadoop-mapreduce-client-jobclient-2.7.3.jar
7ff0580c7000-7ff0580c9000 r--s 0000e000 ca:01 261536                     /home/ubuntu/spark-2.1.1-bin-hadoop2.7/jars/oro-2.0.8.jar
7ff0580c9000-7ff0580cb000 r--s 00003000 ca:01 261826                     /home/ubuntu/spark-2.1.1-bin-hadoop2.7/jars/JavaEWAH-0.3.2.jar
7ff0580cb000-7ff0580cd000 r--s 0000f000 ca:01 261757                     /home/ubuntu/spark-2.1.1-bin-hadoop2.7/jars/spark-launcher_2.11-2.1.1.jar
7ff0580cd000-7ff0580ef000 r--s 00335000 ca:01 261750                     /home/ubuntu/spark-2.1.1-bin-hadoop2.7/jars/mesos-1.0.0-shaded-protobuf.jar
7ff0580ef000-7ff0580f0000 r--s 00001000 ca:01 261610                     /home/ubuntu/spark-2.1.1-bin-hadoop2.7/jars/minlog-1.3.0.jar
7ff0580f0000-7ff0580f3000 r--s 0001a000 ca:01 261834                     /home/ubuntu/spark-2.1.1-bin-hadoop2.7/jars/py4j-0.10.4.jar
7ff0580f3000-7ff0580f4000 r--s 00009000 ca:01 261601                     /home/ubuntu/spark-2.1.1-bin-hadoop2.7/jars/json4s-jackson_2.11-3.2.11.jar
7ff0580f4000-7ff0580f6000 r--s 0000d000 ca:01 261725                     /home/ubuntu/spark-2.1.1-bin-hadoop2.7/jars/hadoop-yarn-server-web-proxy-2.7.3.jar
7ff0580f6000-7ff058159000 r--s 004de000 ca:01 261719                     /home/ubuntu/spark-2.1.1-bin-hadoop2.7/jars/hive-metastore-1.2.1.spark2.jar
7ff058159000-7ff058160000 r--s 00039000 ca:01 261727                     /home/ubuntu/spark-2.1.1-bin-hadoop2.7/jars/calcite-avatica-1.2.0-incubating.jar
7ff058160000-7ff058167000 r--s 0003f000 ca:01 261603                     /home/ubuntu/spark-2.1.1-bin-hadoop2.7/jars/commons-codec-1.10.jar
7ff058167000-7ff058169000 r--s 00100000 ca:01 261842                     /home/ubuntu/spark-2.1.1-bin-hadoop2.7/jars/snappy-java-1.1.2.6.jar
7ff058169000-7ff05816d000 r--s 00029000 ca:01 261591                     /home/ubuntu/spark-2.1.1-bin-hadoop2.7/jars/hk2-locator-2.4.0-b34.jar
7ff05816d000-7ff058170000 r--s 0000d000 ca:01 261742                     /home/ubuntu/spark-2.1.1-bin-hadoop2.7/jars/spark-network-shuffle_2.11-2.1.1.jar
7ff058170000-7ff058171000 r--s 00006000 ca:01 261788                     /home/ubuntu/spark-2.1.1-bin-hadoop2.7/jars/jackson-xc-1.9.13.jar
7ff058171000-7ff058187000 r--s 000d1000 ca:01 261585                     /home/ubuntu/spark-2.1.1-bin-hadoop2.7/jars/parquet-column-1.8.1.jar
7ff058187000-7ff0581ac000 rw-p 00000000 00:00 0 
7ff0581ac000-7ff0582b8000 r--s 00dba000 ca:01 261859                     /home/ubuntu/spark-2.1.1-bin-hadoop2.7/jars/scala-compiler-2.11.8.jar
7ff0582b8000-7ff0582b9000 r--s 00002000 ca:01 261764                     /home/ubuntu/spark-2.1.1-bin-hadoop2.7/jars/jpam-1.1.jar
7ff0582b9000-7ff0582c8000 r--s 0009f000 ca:01 261734                     /home/ubuntu/spark-2.1.1-bin-hadoop2.7/jars/guice-3.0.jar
7ff0582c8000-7ff0582e1000 r--s 00150000 ca:01 261626                     /home/ubuntu/spark-2.1.1-bin-hadoop2.7/jars/htrace-core-3.1.0-incubating.jar
7ff0582e1000-7ff0582f7000 r--s 000d3000 ca:01 261625                     /home/ubuntu/spark-2.1.1-bin-hadoop2.7/jars/jersey-server-2.22.2.jar
7ff0582f7000-7ff0582f9000 r--s 00008000 ca:01 261581                     /home/ubuntu/spark-2.1.1-bin-hadoop2.7/jars/parquet-common-1.8.1.jar
7ff0582f9000-7ff0582fb000 r--s 00002000 ca:01 261606                     /home/ubuntu/spark-2.1.1-bin-hadoop2.7/jars/aopalliance-repackaged-2.4.0-b34.jar
7ff0582fb000-7ff0582ff000 r--s 0003c000 ca:01 261854                     /home/ubuntu/spark-2.1.1-bin-hadoop2.7/jars/jackson-core-2.6.5.jar
7ff0582ff000-7ff05830a000 r--s 00062000 ca:01 261729                     /home/ubuntu/spark-2.1.1-bin-hadoop2.7/jars/calcite-linq4j-1.2.0-incubating.jar
7ff05830a000-7ff058340000 r--s 0031c000 ca:01 261565                     /home/ubuntu/spark-2.1.1-bin-hadoop2.7/jars/hadoop-common-2.7.3.jar
7ff058340000-7ff058344000 r--s 0001a000 ca:01 261579                     /home/ubuntu/spark-2.1.1-bin-hadoop2.7/jars/hk2-utils-2.4.0-b34.jar
7ff058344000-7ff058350000 r--s 000b6000 ca:01 261831                     /home/ubuntu/spark-2.1.1-bin-hadoop2.7/jars/zookeeper-3.4.6.jar
7ff058350000-7ff058356000 r--s 00040000 ca:01 261709                     /home/ubuntu/spark-2.1.1-bin-hadoop2.7/jars/parquet-encoding-1.8.1.jar
7ff058356000-7ff05835b000 r--s 00036000 ca:01 261574                     /home/ubuntu/spark-2.1.1-bin-hadoop2.7/jars/commons-compress-1.4.1.jar
7ff05835b000-7ff058388000 r--s 001d4000 ca:01 261863                     /home/ubuntu/spark-2.1.1-bin-hadoop2.7/jars/spark-streaming_2.11-2.1.1.jar
7ff058388000-7ff05838b000 r--s 00022000 ca:01 261806                     /home/ubuntu/spark-2.1.1-bin-hadoop2.7/jars/stringtemplate-3.2.1.jar
7ff05838b000-7ff058392000 r--s 00036000 ca:01 261624                     /home/ubuntu/spark-2.1.1-bin-hadoop2.7/jars/curator-recipes-2.6.0.jar
7ff058392000-7ff058396000 r--s 00029000 ca:01 261548                     /home/ubuntu/spark-2.1.1-bin-hadoop2.7/jars/breeze-macros_2.11-0.12.jar
7ff058396000-7ff05839a000 r--s 00036000 ca:01 261851                     /home/ubuntu/spark-2.1.1-bin-hadoop2.7/jars/ST4-4.0.4.jar
7ff05839a000-7ff05839e000 r--s 00018000 ca:01 261584                     /home/ubuntu/spark-2.1.1-bin-hadoop2.7/jars/metrics-core-3.1.2.jar
7ff05839e000-7ff0583ac000 r--s 000b1000 ca:01 261754                     /home/ubuntu/spark-2.1.1-bin-hadoop2.7/jars/jackson-mapper-asl-1.9.13.jar
7ff0583ac000-7ff0583bc000 r--s 000a0000 ca:01 261599                     /home/ubuntu/spark-2.1.1-bin-hadoop2.7/jars/spark-yarn_2.11-2.1.1.jar
7ff0583bc000-7ff0583bd000 r--s 00003000 ca:01 261590                     /home/ubuntu/spark-2.1.1-bin-hadoop2.7/jars/spark-tags_2.11-2.1.1.jar
7ff0583bd000-7ff0583cf000 r--s 00097000 ca:01 261804                     /home/ubuntu/spark-2.1.1-bin-hadoop2.7/jars/apacheds-kerberos-codec-2.0.0-M15.jar
7ff0583cf000-7ff0583d2000 r--s 00017000 ca:01 261800                     /home/ubuntu/spark-2.1.1-bin-hadoop2.7/jars/jaxb-api-2.2.2.jar
7ff0583d2000-7ff0583d4000 r--s 00009000 ca:01 261848                     /home/ubuntu/spark-2.1.1-bin-hadoop2.7/jars/objenesis-2.1.jar
7ff0583d4000-7ff05843f000 r--s 00784000 ca:01 261535                     /home/ubuntu/spark-2.1.1-bin-hadoop2.7/jars/hadoop-hdfs-2.7.3.jar
7ff05843f000-7ff058441000 r--s 00010000 ca:01 261752                     /home/ubuntu/spark-2.1.1-bin-hadoop2.7/jars/jersey-media-jaxb-2.22.2.jar
7ff058441000-7ff05844e000 r--s 00083000 ca:01 261598                     /home/ubuntu/spark-2.1.1-bin-hadoop2.7/jars/commons-collections-3.2.2.jar
7ff05844e000-7ff058455000 r--s 00051000 ca:01 261542                     /home/ubuntu/spark-2.1.1-bin-hadoop2.7/jars/kryo-shaded-3.0.3.jar
7ff058455000-7ff05848c000 r--s 00325000 ca:01 261802                     /home/ubuntu/spark-2.1.1-bin-hadoop2.7/jars/calcite-core-1.2.0-incubating.jar
7ff05848c000-7ff05848f000 r--s 00012000 ca:01 261602                     /home/ubuntu/spark-2.1.1-bin-hadoop2.7/jars/json4s-ast_2.11-3.2.11.jar
7ff05848f000-7ff058491000 r--s 0000e000 ca:01 261794                     /home/ubuntu/spark-2.1.1-bin-hadoop2.7/jars/commons-logging-1.1.3.jar
7ff058491000-7ff05853a000 r--s 00a4f000 ca:01 261801                     /home/ubuntu/spark-2.1.1-bin-hadoop2.7/jars/hive-exec-1.2.1.spark2.jar
7ff05853a000-7ff05853b000 r--s 0000b000 ca:01 261631                     /home/ubuntu/spark-2.1.1-bin-hadoop2.7/jars/snappy-0.2.jar
7ff05853b000-7ff05853e000 r--s 00028000 ca:01 261541                     /home/ubuntu/spark-2.1.1-bin-hadoop2.7/jars/stream-2.7.0.jar
7ff05853e000-7ff058572000 r--s 00277000 ca:01 261592                     /home/ubuntu/spark-2.1.1-bin-hadoop2.7/jars/parquet-hadoop-bundle-1.6.0.jar
7ff058572000-7ff058576000 r--s 0000c000 ca:01 261617                     /home/ubuntu/spark-2.1.1-bin-hadoop2.7/jars/validation-api-1.1.0.Final.jar
7ff058576000-7ff05859f000 r--s 001ee000 ca:01 261862                     /home/ubuntu/spark-2.1.1-bin-hadoop2.7/jars/guava-14.0.1.jar
7ff05859f000-7ff0585ac000 r--s 00071000 ca:01 261832                     /home/ubuntu/spark-2.1.1-bin-hadoop2.7/jars/jackson-module-scala_2.11-2.6.5.jar
7ff0585ac000-7ff0585c5000 r--s 00114000 ca:01 261577                     /home/ubuntu/spark-2.1.1-bin-hadoop2.7/jars/spark-hive_2.11-2.1.1.jar
7ff0585c5000-7ff0585dd000 r--s 00115000 ca:01 261824                     /home/ubuntu/spark-2.1.1-bin-hadoop2.7/jars/netty-3.8.0.Final.jar
7ff0585dd000-7ff058636000 r--s 00522000 ca:01 261865                     /home/ubuntu/spark-2.1.1-bin-hadoop2.7/jars/scala-library-2.11.8.jar
7ff058636000-7ff05863d000 r--s 00049000 ca:01 261852                     /home/ubuntu/spark-2.1.1-bin-hadoop2.7/jars/univocity-parsers-2.2.1.jar
7ff05863d000-7ff058689000 r--s 00411000 ca:01 261857                     /home/ubuntu/spark-2.1.1-bin-hadoop2.7/jars/scala-reflect-2.11.8.jar
7ff058689000-7ff058697000 r--s 0009d000 ca:01 261614                     /home/ubuntu/spark-2.1.1-bin-hadoop2.7/jars/jersey-common-2.22.2.jar
7ff058697000-7ff0586a1000 r--s 000aa000 ca:01 261762                     /home/ubuntu/spark-2.1.1-bin-hadoop2.7/jars/janino-3.0.0.jar
7ff0586a1000-7ff0586a2000 r--s 00008000 ca:01 261844                     /home/ubuntu/spark-2.1.1-bin-hadoop2.7/jars/commons-compiler-3.0.0.jar
7ff0586a2000-7ff0586ab000 r--s 00097000 ca:01 261837                     /home/ubuntu/spark-2.1.1-bin-hadoop2.7/jars/pmml-model-1.2.15.jar
7ff0586ab000-7ff0586ad000 r--s 00005000 ca:01 261741                     /home/ubuntu/spark-2.1.1-bin-hadoop2.7/jars/stax-api-1.0.1.jar
7ff0586ad000-7ff0586b1000 r--s 00035000 ca:01 261597                     /home/ubuntu/spark-2.1.1-bin-hadoop2.7/jars/jackson-core-asl-1.9.13.jar
7ff0586b1000-7ff0586b4000 r--s 00019000 ca:01 261530                     /home/ubuntu/spark-2.1.1-bin-hadoop2.7/jars/bonecp-0.8.0.RELEASE.jar
7ff0586b4000-7ff0586b6000 r--s 00038000 ca:01 261789                     /home/ubuntu/spark-2.1.1-bin-hadoop2.7/jars/lz4-1.3.0.jar
7ff0586b6000-7ff0586cf000 r--s 00164000 ca:01 261738                     /home/ubuntu/spark-2.1.1-bin-hadoop2.7/jars/hadoop-mapreduce-client-core-2.7.3.jar
7ff0586cf000-7ff0586d2000 r--s 00026000 ca:01 261792                     /home/ubuntu/spark-2.1.1-bin-hadoop2.7/jars/hadoop-yarn-client-2.7.3.jar
7ff0586d2000-7ff0586d4000 r--s 00017000 ca:01 261607                     /home/ubuntu/spark-2.1.1-bin-hadoop2.7/jars/hive-jdbc-1.2.1.spark2.jar
7ff0586d4000-7ff058755000 r--s 005d9000 ca:01 261746                     /home/ubuntu/spark-2.1.1-bin-hadoop2.7/jars/spark-sql_2.11-2.1.1.jar
7ff058755000-7ff058756000 r--s 00006000 ca:01 261755                     /home/ubuntu/spark-2.1.1-bin-hadoop2.7/jars/hadoop-client-2.7.3.jar
7ff058756000-7ff05875d000 r--s 00058000 ca:01 261609                     /home/ubuntu/spark-2.1.1-bin-hadoop2.7/jars/hadoop-yarn-server-common-2.7.3.jar
7ff05875d000-7ff05875e000 r--s 0000a000 ca:01 261616                     /home/ubuntu/spark-2.1.1-bin-hadoop2.7/jars/apacheds-i18n-2.0.0-M15.jar
7ff05875e000-7ff05875f000 r--s 00000000 ca:01 261600                     /home/ubuntu/spark-2.1.1-bin-hadoop2.7/jars/javax.inject-1.jar
7ff05875f000-7ff058765000 r--s 00045000 ca:01 261605                     /home/ubuntu/spark-2.1.1-bin-hadoop2.7/jars/commons-httpclient-3.1.jar
7ff058765000-7ff058772000 r--s 000a7000 ca:01 261627                     /home/ubuntu/spark-2.1.1-bin-hadoop2.7/jars/httpclient-4.5.2.jar
7ff058772000-7ff058774000 r--s 0001f000 ca:01 261825                     /home/ubuntu/spark-2.1.1-bin-hadoop2.7/jars/commons-crypto-1.0.0.jar
7ff058774000-7ff058779000 r--s 0002a000 ca:01 261735                     /home/ubuntu/spark-2.1.1-bin-hadoop2.7/jars/gson-2.2.4.jar
7ff058779000-7ff0587b9000 r--s 00277000 ca:01 261767                     /home/ubuntu/spark-2.1.1-bin-hadoop2.7/jars/bcprov-jdk15on-1.51.jar
7ff0587b9000-7ff0587bc000 r--s 00016000 ca:01 261593                     /home/ubuntu/spark-2.1.1-bin-hadoop2.7/jars/jsp-api-2.1.jar
7ff0587bc000-7ff0587bd000 r--s 00001000 ca:01 261838                     /home/ubuntu/spark-2.1.1-bin-hadoop2.7/jars/javax.inject-2.4.0-b34.jar
7ff0587bd000-7ff0587be000 r--s 00002000 ca:01 261586                     /home/ubuntu/spark-2.1.1-bin-hadoop2.7/jars/java-xmlbuilder-1.0.jar
7ff0587be000-7ff0587c0000 r--s 00015000 ca:01 261547                     /home/ubuntu/spark-2.1.1-bin-hadoop2.7/jars/hadoop-auth-2.7.3.jar
7ff0587c0000-7ff0587c4000 r--s 0002f000 ca:01 261795                     /home/ubuntu/spark-2.1.1-bin-hadoop2.7/jars/commons-beanutils-core-1.8.0.jar
7ff0587c4000-7ff0587f3000 r--s 002e5000 ca:01 261846                     /home/ubuntu/spark-2.1.1-bin-hadoop2.7/jars/derby-10.12.1.1.jar
7ff0587f3000-7ff0587f5000 r--s 00008000 ca:01 261544                     /home/ubuntu/spark-2.1.1-bin-hadoop2.7/jars/metrics-jvm-3.1.2.jar
7ff0587f5000-7ff0587f8000 r--s 00015000 ca:01 261723                     /home/ubuntu/spark-2.1.1-bin-hadoop2.7/jars/pyrolite-4.13.jar
7ff0587f8000-7ff0587fa000 r--s 0000e000 ca:01 261760                     /home/ubuntu/spark-2.1.1-bin-hadoop2.7/jars/spark-repl_2.11-2.1.1.jar
7ff0587fa000-7ff058803000 r--s 0006f000 ca:01 261724                     /home/ubuntu/spark-2.1.1-bin-hadoop2.7/jars/log4j-1.2.17.jar
7ff058803000-7ff058807000 r--s 00025000 ca:01 261850                     /home/ubuntu/spark-2.1.1-bin-hadoop2.7/jars/jersey-client-2.22.2.jar
7ff058807000-7ff05880e000 r--s 00058000 ca:01 261589                     /home/ubuntu/spark-2.1.1-bin-hadoop2.7/jars/parquet-format-2.3.0-incubating.jar
7ff05880e000-7ff058810000 r--s 00003000 ca:01 261615                     /home/ubuntu/spark-2.1.1-bin-hadoop2.7/jars/api-asn1-api-1.0.0-M20.jar
7ff058810000-7ff05881a000 r--s 0007b000 ca:01 261847                     /home/ubuntu/spark-2.1.1-bin-hadoop2.7/jars/hadoop-mapreduce-client-app-2.7.3.jar
7ff05881a000-7ff05881d000 r--s 0000e000 ca:01 261575                     /home/ubuntu/spark-2.1.1-bin-hadoop2.7/jars/jersey-container-servlet-core-2.22.2.jar
7ff05881d000-7ff058821000 r--s 00025000 ca:01 261538                     /home/ubuntu/spark-2.1.1-bin-hadoop2.7/jars/antlr-runtime-3.4.jar
7ff058821000-7ff058832000 r--s 00089000 ca:01 261623                     /home/ubuntu/spark-2.1.1-bin-hadoop2.7/jars/joda-time-2.9.3.jar
7ff058832000-7ff058834000 r--s 00005000 ca:01 261743                     /home/ubuntu/spark-2.1.1-bin-hadoop2.7/jars/javax.annotation-api-1.2.jar
7ff058834000-7ff058839000 r--s 00032000 ca:01 261864                     /home/ubuntu/spark-2.1.1-bin-hadoop2.7/jars/chill_2.11-0.8.0.jar
7ff058839000-7ff058844000 r--s 0005d000 ca:01 261853                     /home/ubuntu/spark-2.1.1-bin-hadoop2.7/jars/scala-parser-combinators_2.11-1.0.4.jar
7ff058844000-7ff058856000 r--s 00112000 ca:01 261835                     /home/ubuntu/spark-2.1.1-bin-hadoop2.7/jars/arpack_combined_all-0.1.jar
7ff058856000-7ff05886e000 r--s 000d6000 ca:01 261571                     /home/ubuntu/spark-2.1.1-bin-hadoop2.7/jars/jersey-guava-2.22.2.jar
7ff05886e000-7ff058874000 r--s 0002c000 ca:01 261828                     /home/ubuntu/spark-2.1.1-bin-hadoop2.7/jars/jdo-api-3.0.1.jar
7ff058874000-7ff05887b000 r--s 00046000 ca:01 261797                     /home/ubuntu/spark-2.1.1-bin-hadoop2.7/jars/libfb303-0.9.3.jar
7ff05887b000-7ff05887d000 r--s 00010000 ca:01 261622                     /home/ubuntu/spark-2.1.1-bin-hadoop2.7/jars/hadoop-mapreduce-client-shuffle-2.7.3.jar
7ff05887d000-7ff05887f000 r--s 00000000 ca:01 261836                     /home/ubuntu/spark-2.1.1-bin-hadoop2.7/jars/jul-to-slf4j-1.7.16.jar
7ff05887f000-7ff058882000 r--s 00014000 ca:01 261761                     /home/ubuntu/spark-2.1.1-bin-hadoop2.7/jars/super-csv-2.2.0.jar
7ff058882000-7ff058894000 r--s 000b3000 ca:01 261829                     /home/ubuntu/spark-2.1.1-bin-hadoop2.7/jars/scalap-2.11.8.jar
7ff058894000-7ff058896000 r--s 00003000 ca:01 261843                     /home/ubuntu/spark-2.1.1-bin-hadoop2.7/jars/base64-2.3.8.jar
7ff058896000-7ff058898000 r--s 00003000 ca:01 261570                     /home/ubuntu/spark-2.1.1-bin-hadoop2.7/jars/jersey-container-servlet-2.22.2.jar
7ff058898000-7ff0588a2000 r--s 000a5000 ca:01 261766                     /home/ubuntu/spark-2.1.1-bin-hadoop2.7/jars/javassist-3.18.1-GA.jar
7ff0588a2000-7ff0588ba000 r--s 00115000 ca:01 261537                     /home/ubuntu/spark-2.1.1-bin-hadoop2.7/jars/xercesImpl-2.9.1.jar
7ff0588ba000-7ff0588bd000 r--s 00021000 ca:01 261596                     /home/ubuntu/spark-2.1.1-bin-hadoop2.7/jars/xbean-asm5-shaded-4.4.jar
7ff0588bd000-7ff0588c0000 r--s 00025000 ca:01 261618                     /home/ubuntu/spark-2.1.1-bin-hadoop2.7/jars/commons-dbcp-1.4.jar
7ff0588c0000-7ff0588e7000 r--s 0020f000 ca:01 261726                     /home/ubuntu/spark-2.1.1-bin-hadoop2.7/jars/netty-all-4.0.42.Final.jar
7ff0588e7000-7ff0588ea000 r--s 00015000 ca:01 261620                     /home/ubuntu/spark-2.1.1-bin-hadoop2.7/jars/commons-pool-1.5.4.jar
7ff0588ea000-7ff05893f000 r--s 0069c000 ca:01 261595                     /home/ubuntu/spark-2.1.1-bin-hadoop2.7/jars/spire_2.11-0.7.4.jar
7ff05893f000-7ff058941000 r--s 00004000 ca:01 261787                     /home/ubuntu/spark-2.1.1-bin-hadoop2.7/jars/metrics-graphite-3.1.2.jar
7ff058941000-7ff058946000 r--s 00027000 ca:01 261861                     /home/ubuntu/spark-2.1.1-bin-hadoop2.7/jars/hk2-api-2.4.0-b34.jar
7ff058946000-7ff05894c000 r--s 00034000 ca:01 261799                     /home/ubuntu/spark-2.1.1-bin-hadoop2.7/jars/libthrift-0.9.3.jar
7ff05894c000-7ff058967000 r--s 001d6000 ca:01 286319                     /usr/lib/jvm/java-8-openjdk-amd64/jre/lib/ext/nashorn.jar
7ff058967000-7ff058982000 r--s 00394000 ca:01 286322                     /usr/lib/jvm/java-8-openjdk-amd64/jre/lib/ext/cldrdata.jar
7ff058982000-7ff058983000 ---p 00000000 00:00 0 
7ff058983000-7ff058a83000 rw-p 00000000 00:00 0 
7ff058a83000-7ff058a86000 ---p 00000000 00:00 0 
7ff058a86000-7ff058b84000 rw-p 00000000 00:00 0 
7ff058b84000-7ff058b87000 ---p 00000000 00:00 0 
7ff058b87000-7ff058c85000 rw-p 00000000 00:00 0 
7ff058c85000-7ff058c88000 ---p 00000000 00:00 0 
7ff058c88000-7ff058d86000 rw-p 00000000 00:00 0 
7ff058d86000-7ff058d89000 ---p 00000000 00:00 0 
7ff058d89000-7ff058e87000 rw-p 00000000 00:00 0 
7ff058e87000-7ff05901f000 r--p 00000000 ca:01 29052                      /usr/lib/locale/locale-archive
7ff05901f000-7ff059022000 ---p 00000000 00:00 0 
7ff059022000-7ff059120000 rw-p 00000000 00:00 0 
7ff059120000-7ff059123000 ---p 00000000 00:00 0 
7ff059123000-7ff059221000 rw-p 00000000 00:00 0 
7ff059221000-7ff059222000 ---p 00000000 00:00 0 
7ff059222000-7ff059322000 rw-p 00000000 00:00 0 
7ff059322000-7ff0594f2000 r--s 03c5c000 ca:01 286303                     /usr/lib/jvm/java-8-openjdk-amd64/jre/lib/rt.jar
7ff0594f2000-7ff059d68000 rw-p 00000000 00:00 0 
7ff059d68000-7ff059d85000 rw-p 00000000 00:00 0 
7ff059d85000-7ff059ebe000 ---p 00000000 00:00 0 
7ff059ebe000-7ff059ecc000 rw-p 00000000 00:00 0 
7ff059ecc000-7ff059f68000 ---p 00000000 00:00 0 
7ff059f68000-7ff059f86000 rw-p 00000000 00:00 0 
7ff059f86000-7ff05a0be000 ---p 00000000 00:00 0 
7ff05a0be000-7ff05a12e000 rw-p 00000000 00:00 0 
7ff05a12e000-7ff05a47f000 ---p 00000000 00:00 0 
7ff05a47f000-7ff05a487000 r-xp 00000000 ca:01 286357                     /usr/lib/jvm/java-8-openjdk-amd64/jre/lib/amd64/libzip.so
7ff05a487000-7ff05a686000 ---p 00008000 ca:01 286357                     /usr/lib/jvm/java-8-openjdk-amd64/jre/lib/amd64/libzip.so
7ff05a686000-7ff05a687000 r--p 00007000 ca:01 286357                     /usr/lib/jvm/java-8-openjdk-amd64/jre/lib/amd64/libzip.so
7ff05a687000-7ff05a688000 rw-p 00008000 ca:01 286357                     /usr/lib/jvm/java-8-openjdk-amd64/jre/lib/amd64/libzip.so
7ff05a688000-7ff05a693000 r-xp 00000000 ca:01 1993                       /lib/x86_64-linux-gnu/libnss_files-2.23.so
7ff05a693000-7ff05a892000 ---p 0000b000 ca:01 1993                       /lib/x86_64-linux-gnu/libnss_files-2.23.so
7ff05a892000-7ff05a893000 r--p 0000a000 ca:01 1993                       /lib/x86_64-linux-gnu/libnss_files-2.23.so
7ff05a893000-7ff05a894000 rw-p 0000b000 ca:01 1993                       /lib/x86_64-linux-gnu/libnss_files-2.23.so
7ff05a894000-7ff05a89a000 rw-p 00000000 00:00 0 
7ff05a89a000-7ff05a8a5000 r-xp 00000000 ca:01 1997                       /lib/x86_64-linux-gnu/libnss_nis-2.23.so
7ff05a8a5000-7ff05aaa4000 ---p 0000b000 ca:01 1997                       /lib/x86_64-linux-gnu/libnss_nis-2.23.so
7ff05aaa4000-7ff05aaa5000 r--p 0000a000 ca:01 1997                       /lib/x86_64-linux-gnu/libnss_nis-2.23.so
7ff05aaa5000-7ff05aaa6000 rw-p 0000b000 ca:01 1997                       /lib/x86_64-linux-gnu/libnss_nis-2.23.so
7ff05aaa6000-7ff05aabc000 r-xp 00000000 ca:01 1977                       /lib/x86_64-linux-gnu/libnsl-2.23.so
7ff05aabc000-7ff05acbb000 ---p 00016000 ca:01 1977                       /lib/x86_64-linux-gnu/libnsl-2.23.so
7ff05acbb000-7ff05acbc000 r--p 00015000 ca:01 1977                       /lib/x86_64-linux-gnu/libnsl-2.23.so
7ff05acbc000-7ff05acbd000 rw-p 00016000 ca:01 1977                       /lib/x86_64-linux-gnu/libnsl-2.23.so
7ff05acbd000-7ff05acbf000 rw-p 00000000 00:00 0 
7ff05acbf000-7ff05acc7000 r-xp 00000000 ca:01 1988                       /lib/x86_64-linux-gnu/libnss_compat-2.23.so
7ff05acc7000-7ff05aec6000 ---p 00008000 ca:01 1988                       /lib/x86_64-linux-gnu/libnss_compat-2.23.so
7ff05aec6000-7ff05aec7000 r--p 00007000 ca:01 1988                       /lib/x86_64-linux-gnu/libnss_compat-2.23.so
7ff05aec7000-7ff05aec8000 rw-p 00008000 ca:01 1988                       /lib/x86_64-linux-gnu/libnss_compat-2.23.so
7ff05aec8000-7ff05aef1000 r-xp 00000000 ca:01 286342                     /usr/lib/jvm/java-8-openjdk-amd64/jre/lib/amd64/libjava.so
7ff05aef1000-7ff05b0f0000 ---p 00029000 ca:01 286342                     /usr/lib/jvm/java-8-openjdk-amd64/jre/lib/amd64/libjava.so
7ff05b0f0000-7ff05b0f1000 r--p 00028000 ca:01 286342                     /usr/lib/jvm/java-8-openjdk-amd64/jre/lib/amd64/libjava.so
7ff05b0f1000-7ff05b0f3000 rw-p 00029000 ca:01 286342                     /usr/lib/jvm/java-8-openjdk-amd64/jre/lib/amd64/libjava.so
7ff05b0f3000-7ff05b102000 r-xp 00000000 ca:01 286359                     /usr/lib/jvm/java-8-openjdk-amd64/jre/lib/amd64/libverify.so
7ff05b102000-7ff05b301000 ---p 0000f000 ca:01 286359                     /usr/lib/jvm/java-8-openjdk-amd64/jre/lib/amd64/libverify.so
7ff05b301000-7ff05b303000 r--p 0000e000 ca:01 286359                     /usr/lib/jvm/java-8-openjdk-amd64/jre/lib/amd64/libverify.so
7ff05b303000-7ff05b304000 rw-p 00010000 ca:01 286359                     /usr/lib/jvm/java-8-openjdk-amd64/jre/lib/amd64/libverify.so
7ff05b304000-7ff05b30b000 r-xp 00000000 ca:01 1998                       /lib/x86_64-linux-gnu/librt-2.23.so
7ff05b30b000-7ff05b50a000 ---p 00007000 ca:01 1998                       /lib/x86_64-linux-gnu/librt-2.23.so
7ff05b50a000-7ff05b50b000 r--p 00006000 ca:01 1998                       /lib/x86_64-linux-gnu/librt-2.23.so
7ff05b50b000-7ff05b50c000 rw-p 00007000 ca:01 1998                       /lib/x86_64-linux-gnu/librt-2.23.so
7ff05b50c000-7ff05b522000 r-xp 00000000 ca:01 1975                       /lib/x86_64-linux-gnu/libgcc_s.so.1
7ff05b522000-7ff05b721000 ---p 00016000 ca:01 1975                       /lib/x86_64-linux-gnu/libgcc_s.so.1
7ff05b721000-7ff05b722000 rw-p 00015000 ca:01 1975                       /lib/x86_64-linux-gnu/libgcc_s.so.1
7ff05b722000-7ff05b82a000 r-xp 00000000 ca:01 1976                       /lib/x86_64-linux-gnu/libm-2.23.so
7ff05b82a000-7ff05ba29000 ---p 00108000 ca:01 1976                       /lib/x86_64-linux-gnu/libm-2.23.so
7ff05ba29000-7ff05ba2a000 r--p 00107000 ca:01 1976                       /lib/x86_64-linux-gnu/libm-2.23.so
7ff05ba2a000-7ff05ba2b000 rw-p 00108000 ca:01 1976                       /lib/x86_64-linux-gnu/libm-2.23.so
7ff05ba2b000-7ff05bb9d000 r-xp 00000000 ca:01 7979                       /usr/lib/x86_64-linux-gnu/libstdc++.so.6.0.21
7ff05bb9d000-7ff05bd9d000 ---p 00172000 ca:01 7979                       /usr/lib/x86_64-linux-gnu/libstdc++.so.6.0.21
7ff05bd9d000-7ff05bda7000 r--p 00172000 ca:01 7979                       /usr/lib/x86_64-linux-gnu/libstdc++.so.6.0.21
7ff05bda7000-7ff05bda9000 rw-p 0017c000 ca:01 7979                       /usr/lib/x86_64-linux-gnu/libstdc++.so.6.0.21
7ff05bda9000-7ff05bdad000 rw-p 00000000 00:00 0 
7ff05bdad000-7ff05ca11000 r-xp 00000000 ca:01 286369                     /usr/lib/jvm/java-8-openjdk-amd64/jre/lib/amd64/server/libjvm.so
7ff05ca11000-7ff05cc10000 ---p 00c64000 ca:01 286369                     /usr/lib/jvm/java-8-openjdk-amd64/jre/lib/amd64/server/libjvm.so
7ff05cc10000-7ff05cca4000 r--p 00c63000 ca:01 286369                     /usr/lib/jvm/java-8-openjdk-amd64/jre/lib/amd64/server/libjvm.so
7ff05cca4000-7ff05cccd000 rw-p 00cf7000 ca:01 286369                     /usr/lib/jvm/java-8-openjdk-amd64/jre/lib/amd64/server/libjvm.so
7ff05cccd000-7ff05ccfd000 rw-p 00000000 00:00 0 
7ff05ccfd000-7ff05cd15000 r-xp 00000000 ca:01 1979                       /lib/x86_64-linux-gnu/libpthread-2.23.so
7ff05cd15000-7ff05cf14000 ---p 00018000 ca:01 1979                       /lib/x86_64-linux-gnu/libpthread-2.23.so
7ff05cf14000-7ff05cf15000 r--p 00017000 ca:01 1979                       /lib/x86_64-linux-gnu/libpthread-2.23.so
7ff05cf15000-7ff05cf16000 rw-p 00018000 ca:01 1979                       /lib/x86_64-linux-gnu/libpthread-2.23.so
7ff05cf16000-7ff05cf1a000 rw-p 00000000 00:00 0 
7ff05cf1a000-7ff05cf1d000 r-xp 00000000 ca:01 1982                       /lib/x86_64-linux-gnu/libdl-2.23.so
7ff05cf1d000-7ff05d11c000 ---p 00003000 ca:01 1982                       /lib/x86_64-linux-gnu/libdl-2.23.so
7ff05d11c000-7ff05d11d000 r--p 00002000 ca:01 1982                       /lib/x86_64-linux-gnu/libdl-2.23.so
7ff05d11d000-7ff05d11e000 rw-p 00003000 ca:01 1982                       /lib/x86_64-linux-gnu/libdl-2.23.so
7ff05d11e000-7ff05d137000 r-xp 00000000 ca:01 2129                       /lib/x86_64-linux-gnu/libz.so.1.2.8
7ff05d137000-7ff05d336000 ---p 00019000 ca:01 2129                       /lib/x86_64-linux-gnu/libz.so.1.2.8
7ff05d336000-7ff05d337000 r--p 00018000 ca:01 2129                       /lib/x86_64-linux-gnu/libz.so.1.2.8
7ff05d337000-7ff05d338000 rw-p 00019000 ca:01 2129                       /lib/x86_64-linux-gnu/libz.so.1.2.8
7ff05d338000-7ff05d4f8000 r-xp 00000000 ca:01 1980                       /lib/x86_64-linux-gnu/libc-2.23.so
7ff05d4f8000-7ff05d6f8000 ---p 001c0000 ca:01 1980                       /lib/x86_64-linux-gnu/libc-2.23.so
7ff05d6f8000-7ff05d6fc000 r--p 001c0000 ca:01 1980                       /lib/x86_64-linux-gnu/libc-2.23.so
7ff05d6fc000-7ff05d6fe000 rw-p 001c4000 ca:01 1980                       /lib/x86_64-linux-gnu/libc-2.23.so
7ff05d6fe000-7ff05d702000 rw-p 00000000 00:00 0 
7ff05d702000-7ff05d70f000 r-xp 00000000 ca:01 286351                     /usr/lib/jvm/java-8-openjdk-amd64/jre/lib/amd64/jli/libjli.so
7ff05d70f000-7ff05d90e000 ---p 0000d000 ca:01 286351                     /usr/lib/jvm/java-8-openjdk-amd64/jre/lib/amd64/jli/libjli.so
7ff05d90e000-7ff05d90f000 r--p 0000c000 ca:01 286351                     /usr/lib/jvm/java-8-openjdk-amd64/jre/lib/amd64/jli/libjli.so
7ff05d90f000-7ff05d910000 rw-p 0000d000 ca:01 286351                     /usr/lib/jvm/java-8-openjdk-amd64/jre/lib/amd64/jli/libjli.so
7ff05d910000-7ff05d936000 r-xp 00000000 ca:01 1978                       /lib/x86_64-linux-gnu/ld-2.23.so
7ff05d936000-7ff05d937000 r--s 00009000 ca:01 261534                     /home/ubuntu/spark-2.1.1-bin-hadoop2.7/jars/hadoop-annotations-2.7.3.jar
7ff05d937000-7ff05d938000 r--s 00003000 ca:01 261827                     /home/ubuntu/spark-2.1.1-bin-hadoop2.7/jars/metrics-json-3.1.2.jar
7ff05d938000-7ff05d93a000 r--s 0000f000 ca:01 261715                     /home/ubuntu/spark-2.1.1-bin-hadoop2.7/jars/curator-client-2.6.0.jar
7ff05d93a000-7ff05d93d000 r--s 0000f000 ca:01 286318                     /usr/lib/jvm/java-8-openjdk-amd64/jre/lib/ext/icedtea-sound.jar
7ff05d93d000-7ff05d93e000 r--s 00010000 ca:01 286325                     /usr/lib/jvm/java-8-openjdk-amd64/jre/lib/ext/zipfs.jar
7ff05d93e000-7ff05d941000 r--s 00039000 ca:01 286321                     /usr/lib/jvm/java-8-openjdk-amd64/jre/lib/ext/sunpkcs11.jar
7ff05d941000-7ff05d942000 r--s 0000a000 ca:01 286320                     /usr/lib/jvm/java-8-openjdk-amd64/jre/lib/ext/jaccess.jar
7ff05d942000-7ff05d944000 r--s 00001000 ca:01 286323                     /usr/lib/jvm/java-8-openjdk-amd64/jre/lib/ext/dnsns.jar
7ff05d944000-7ff05d94e000 r--s 00116000 ca:01 286326                     /usr/lib/jvm/java-8-openjdk-amd64/jre/lib/ext/localedata.jar
7ff05d94e000-7ff05da1f000 rw-p 00000000 00:00 0 
7ff05da1f000-7ff05da27000 rw-s 00000000 ca:01 28259                      /tmp/hsperfdata_ubuntu/2076
7ff05da27000-7ff05da2a000 ---p 00000000 00:00 0 
7ff05da2a000-7ff05db2c000 rw-p 00000000 00:00 0 
7ff05db2c000-7ff05db31000 r--s 0003c000 ca:01 286324                     /usr/lib/jvm/java-8-openjdk-amd64/jre/lib/ext/sunjce_provider.jar
7ff05db31000-7ff05db32000 r--s 0000d000 ca:01 286317                     /usr/lib/jvm/java-8-openjdk-amd64/jre/lib/ext/sunec.jar
7ff05db32000-7ff05db33000 rw-p 00000000 00:00 0 
7ff05db33000-7ff05db34000 ---p 00000000 00:00 0 
7ff05db34000-7ff05db35000 rw-p 00000000 00:00 0 
7ff05db35000-7ff05db36000 r--p 00025000 ca:01 1978                       /lib/x86_64-linux-gnu/ld-2.23.so
7ff05db36000-7ff05db37000 rw-p 00026000 ca:01 1978                       /lib/x86_64-linux-gnu/ld-2.23.so
7ff05db37000-7ff05db38000 rw-p 00000000 00:00 0 
7ffffb6c8000-7ffffb6e9000 rw-p 00000000 00:00 0                          [stack]
7ffffb7a5000-7ffffb7a8000 r--p 00000000 00:00 0                          [vvar]
7ffffb7a8000-7ffffb7aa000 r-xp 00000000 00:00 0                          [vdso]
ffffffffff600000-ffffffffff601000 r-xp 00000000 00:00 0                  [vsyscall]

VM Arguments:
jvm_args: -Xmx1g 
java_command: org.apache.spark.deploy.SparkSubmit --conf spark.app.name=SchoolIteration4 pyspark-shell
java_class_path (initial): /home/ubuntu/spark-2.1.1-bin-hadoop2.7/conf/:/home/ubuntu/spark-2.1.1-bin-hadoop2.7/jars/libthrift-0.9.3.jar:/home/ubuntu/spark-2.1.1-bin-hadoop2.7/jars/curator-client-2.6.0.jar:/home/ubuntu/spark-2.1.1-bin-hadoop2.7/jars/hk2-api-2.4.0-b34.jar:/home/ubuntu/spark-2.1.1-bin-hadoop2.7/jars/metrics-json-3.1.2.jar:/home/ubuntu/spark-2.1.1-bin-hadoop2.7/jars/metrics-graphite-3.1.2.jar:/home/ubuntu/spark-2.1.1-bin-hadoop2.7/jars/spire_2.11-0.7.4.jar:/home/ubuntu/spark-2.1.1-bin-hadoop2.7/jars/commons-pool-1.5.4.jar:/home/ubuntu/spark-2.1.1-bin-hadoop2.7/jars/netty-all-4.0.42.Final.jar:/home/ubuntu/spark-2.1.1-bin-hadoop2.7/jars/commons-dbcp-1.4.jar:/home/ubuntu/spark-2.1.1-bin-hadoop2.7/jars/xbean-asm5-shaded-4.4.jar:/home/ubuntu/spark-2.1.1-bin-hadoop2.7/jars/xercesImpl-2.9.1.jar:/home/ubuntu/spark-2.1.1-bin-hadoop2.7/jars/hadoop-annotations-2.7.3.jar:/home/ubuntu/spark-2.1.1-bin-hadoop2.7/jars/javassist-3.18.1-GA.jar:/home/ubuntu/spark-2.1.1-bin-hadoop2.7/jars/jersey-container-servlet-2.22.2.jar:/home/ubuntu/spark-2.1.1-bin-hadoop2.7/jars/base64-2.3.8.jar:/home/ubuntu/spark-2.1.1-bin-hadoop2.7/jars/scalap-2.11.8.jar:/home/ubuntu/spark-2.1.1-bin-hadoop2.7/jars/super-csv-2.2.0.jar:/home/ubuntu/spark-2.1.1-bin-hadoop2.7/jars/jul-to-slf4j-1.7.16.jar:/home/ubuntu/spark-2.1.1-bin-hadoop2.7/jars/hadoop-mapreduce-client-shuffle-2.7.3.jar:/home/ubuntu/spark-2.1.1-bin-hadoop2.7/jars/libfb303-0.9.3.jar:/home/ubuntu/spark-2.1.1-bin-hadoop2.7/jars/jdo-api-3.0.1.jar:/home/ubuntu/spark-2.1.1-bin-hadoop2.7/jars/jersey-guava-2.22.2.jar:/home/ubuntu/spark-2.1.1-bin-hadoop2.7/jars/arpack_combined_all-0.1.jar:/home/ubuntu/spark-2.1.1-bin-hadoop2.7/jars/scala-parser-combinators_2.11-1.0.4.jar:/home/ubuntu/spark-2.1.1-bin-hadoop2.7/jars/chill_2.11-0.8.0.jar:/home/ubuntu/spark-2.1.1-bin-hadoop2.7/jars/javax.annotation-api-1.2.jar:/home/ubuntu/spark-2.1.1-bin-hadoop2.7/jars/joda-time-2.9.3.jar:/home/ubuntu/spark-2.1.1-bin-hadoop2.7/jars/antlr-runtime-3.4.jar:/home/u
Launcher Type: SUN_STANDARD

Environment Variables:
PATH=/home/ubuntu/.local/bin:/home/ubuntu/bin:/home/ubuntu/.local/bin:/usr/local/sbin:/usr/local/bin:/usr/sbin:/usr/bin:/sbin:/bin:/usr/games:/usr/local/games:/snap/bin
SHELL=/bin/bash

Signal Handlers:
SIGSEGV: [libjvm.so+0xa783e0], sa_mask[0]=11111111011111111101111111111110, sa_flags=SA_RESTART|SA_SIGINFO
SIGBUS: [libjvm.so+0xa783e0], sa_mask[0]=11111111011111111101111111111110, sa_flags=SA_RESTART|SA_SIGINFO
SIGFPE: [libjvm.so+0x8c0e10], sa_mask[0]=11111111011111111101111111111110, sa_flags=SA_RESTART|SA_SIGINFO
SIGPIPE: [libjvm.so+0x8c0e10], sa_mask[0]=11111111011111111101111111111110, sa_flags=SA_RESTART|SA_SIGINFO
SIGXFSZ: [libjvm.so+0x8c0e10], sa_mask[0]=11111111011111111101111111111110, sa_flags=SA_RESTART|SA_SIGINFO
SIGILL: [libjvm.so+0x8c0e10], sa_mask[0]=11111111011111111101111111111110, sa_flags=SA_RESTART|SA_SIGINFO
SIGUSR1: SIG_DFL, sa_mask[0]=00000000000000000000000000000000, sa_flags=none
SIGUSR2: [libjvm.so+0x8c0cc0], sa_mask[0]=00000000000000000000000000000000, sa_flags=SA_RESTART|SA_SIGINFO
SIGHUP: [libjvm.so+0x8c1350], sa_mask[0]=11111111011111111101111111111110, sa_flags=SA_RESTART|SA_SIGINFO
SIGINT: SIG_IGN, sa_mask[0]=00000000000000000000000000000000, sa_flags=none
SIGTERM: [libjvm.so+0x8c1350], sa_mask[0]=11111111011111111101111111111110, sa_flags=SA_RESTART|SA_SIGINFO
SIGQUIT: [libjvm.so+0x8c1350], sa_mask[0]=11111111011111111101111111111110, sa_flags=SA_RESTART|SA_SIGINFO


---------------  S Y S T E M  ---------------

OS:DISTRIB_ID=Ubuntu
DISTRIB_RELEASE=16.04
DISTRIB_CODENAME=xenial
DISTRIB_DESCRIPTION="Ubuntu 16.04.4 LTS"

uname:Linux 4.4.0-1095-aws #106-Ubuntu SMP Wed Sep 18 13:33:48 UTC 2019 x86_64
libc:glibc 2.23 NPTL 2.23 
rlimit: STACK 8192k, CORE 0k, NPROC 3900, NOFILE 1048576, AS infinity
load average:8.60 4.12 1.63

/proc/meminfo:
MemTotal:        1014380 kB
MemFree:           62200 kB
MemAvailable:          0 kB
Buffers:              92 kB
Cached:             9712 kB
SwapCached:            0 kB
Active:           888284 kB
Inactive:           6204 kB
Active(anon):     887444 kB
Inactive(anon):     2736 kB
Active(file):        840 kB
Inactive(file):     3468 kB
Unevictable:        3652 kB
Mlocked:            3652 kB
SwapTotal:             0 kB
SwapFree:              0 kB
Dirty:                56 kB
Writeback:             0 kB
AnonPages:        888344 kB
Mapped:             5052 kB
Shmem:              3064 kB
Slab:              29792 kB
SReclaimable:      12936 kB
SUnreclaim:        16856 kB
KernelStack:        4624 kB
PageTables:         7224 kB
NFS_Unstable:          0 kB
Bounce:                0 kB
WritebackTmp:          0 kB
CommitLimit:      507188 kB
Committed_AS:    1552876 kB
VmallocTotal:   34359738367 kB
VmallocUsed:           0 kB
VmallocChunk:          0 kB
HardwareCorrupted:     0 kB
AnonHugePages:         0 kB
CmaTotal:              0 kB
CmaFree:               0 kB
HugePages_Total:       0
HugePages_Free:        0
HugePages_Rsvd:        0
HugePages_Surp:        0
Hugepagesize:       2048 kB
DirectMap4k:       36864 kB
DirectMap2M:     1011712 kB

container (cgroup) information:
container_type: cgroupv1
cpu_cpuset_cpus: 0
cpu_memory_nodes: 0
active_processor_count: 1
cpu_quota: -1
cpu_period: 100000
cpu_shares: -1
memory_limit_in_bytes: -1
memory_and_swap_limit_in_bytes: -2
memory_soft_limit_in_bytes: -1
memory_usage_in_bytes: 902643712
memory_max_usage_in_bytes: 903487488


CPU:total 1 (initial active 1) (1 cores per cpu, 1 threads per core) family 6 model 63 stepping 2, cmov, cx8, fxsr, mmx, sse, sse2, sse3, ssse3, sse4.1, sse4.2, popcnt, avx, avx2, aes, clmul, erms, lzcnt, tsc, bmi1, bmi2

/proc/cpuinfo:
processor	: 0
vendor_id	: GenuineIntel
cpu family	: 6
model		: 63
model name	: Intel(R) Xeon(R) CPU E5-2676 v3 @ 2.40GHz
stepping	: 2
microcode	: 0x43
cpu MHz		: 2394.528
cache size	: 30720 KB
physical id	: 0
siblings	: 1
core id		: 0
cpu cores	: 1
apicid		: 0
initial apicid	: 0
fpu		: yes
fpu_exception	: yes
cpuid level	: 13
wp		: yes
flags		: fpu vme de pse tsc msr pae mce cx8 apic sep mtrr pge mca cmov pat pse36 clflush mmx fxsr sse sse2 ht syscall nx rdtscp lm constant_tsc rep_good nopl xtopology pni pclmulqdq ssse3 fma cx16 pcid sse4_1 sse4_2 x2apic movbe popcnt tsc_deadline_timer aes xsave avx f16c rdrand hypervisor lahf_lm abm invpcid_single kaiser fsgsbase bmi1 avx2 smep bmi2 erms invpcid xsaveopt
bugs		: cpu_meltdown spectre_v1 spectre_v2 spec_store_bypass l1tf mds swapgs
bogomips	: 4789.05
clflush size	: 64
cache_alignment	: 64
address sizes	: 46 bits physical, 48 bits virtual
power management:



Memory: 4k page, physical 1014380k(60216k free), swap 0k(0k free)

vm_info: OpenJDK 64-Bit Server VM (25.222-b10) for linux-amd64 JRE (1.8.0_222-8u222-b10-1ubuntu1~16.04.1-b10), built on Jul 18 2019 20:25:18 by "buildd" with gcc 5.4.0 20160609

time: Sun Oct 20 05:19:48 2019
timezone: UTC
elapsed time: 563 seconds (0d 0h 9m 23s)

